List of Equilibrium Structures

# Geometry of EQ 0, SYMMETRY = Cs  
Au	  -0.645181000000	  -1.283325000000	  -0.000000000000
Cu	  -2.309351000000	   0.640700000000	   0.000000000000
Cu	  -0.000000000000	   1.282789000000	   0.000000000000
Cu	   1.767807000000	  -0.375263000000	  -0.000000000000
Cu	   2.299107000000	   1.947728000000	   0.000000000000
Energy    = -920.124386664839 (-920.124386664839 :    0.000000000000)
Spin(**2) =    0.753890630602
ZPVE      =    0.002724078181
Normal mode eigenvalues : nmode = 9
  0.000024404   0.000056614   0.000270841   0.000372318   0.000645443
  0.000948251   0.001431291   0.001621917   0.002508911

# Geometry of EQ 1, SYMMETRY = Cs  
Au	  -0.763362330630	  -1.440082210250	  -0.095165846372
Cu	  -0.955779067472	   1.058881726582	   0.692987903159
Cu	   0.248575594992	   0.599291376157	  -1.336138153406
Cu	   1.506490695838	  -0.268560903738	   0.520175097546
Cu	   1.208958441530	   2.172708362287	   0.250870657016
Energy    = -920.123140360817 (-920.123140360817 :    0.000000000000)
Spin(**2) =    0.753218869616
ZPVE      =    0.002788360291
Normal mode eigenvalues : nmode = 9
  0.000135220   0.000148809   0.000466978   0.000564625   0.000641363
  0.000658817   0.000951613   0.001549883   0.002274510

# Geometry of EQ 2, SYMMETRY = Cs  
Au	  -0.731779468200	  -1.877918405424	  -0.002604592158
Cu	  -1.527032097993	   0.535588496206	   0.014687122733
Cu	   0.098419283758	   2.331186750882	   0.008548999444
Cu	   0.905856333782	   0.023666602943	  -0.007898463224
Cu	   2.456742604582	   1.831492261507	  -0.013206552517
Energy    = -920.132071884494 (-920.132071884494 :    0.000000000000)
Spin(**2) =    0.753753002741
ZPVE      =    0.002797516067
Normal mode eigenvalues : nmode = 9
  0.000041139   0.000069941   0.000335733   0.000354858   0.000622137
  0.000991298   0.001554805   0.001682232   0.002507037

# Geometry of EQ 3, SYMMETRY = C2v 
Au	  -0.153129463907	  -0.604801086106	   0.062396266049
Cu	  -2.470200412952	   0.368362990217	   0.031067443532
Cu	  -0.628816603768	   1.952582713813	  -0.016018790876
Cu	   2.299395940233	  -1.153763567521	   0.080903360404
Cu	   1.717439658749	   1.203911718980	   0.008221242739
Energy    = -920.116561299218 (-920.116561299218 :    0.000000000000)
Spin(**2) =    0.753749408715
ZPVE      =    0.002682866026
Normal mode eigenvalues : nmode = 9
  0.000034963   0.000055249   0.000261996   0.000414193   0.000843728
  0.000855046   0.001340999   0.001650233   0.001907660

# Geometry of EQ 4, SYMMETRY = C2v 
Au	  -0.362381511743	  -0.968204307149	   0.595275648405
Cu	  -1.547950282661	   1.362259734313	   0.160235173195
Cu	   0.314284747791	   0.673738395557	  -1.354844525816
Cu	   2.141440142881	  -0.540805927601	  -0.162022572954
Cu	   0.857910494266	   1.358297022047	   0.829369268312
Energy    = -920.108150310510 (-920.108150310510 :    0.000000000000)
Spin(**2) =    0.752851426301
ZPVE      =    0.002576691223
Normal mode eigenvalues : nmode = 9
  0.000075633   0.000135314   0.000259298   0.000282411   0.000550965
  0.000613826   0.001027512   0.001458316   0.002332639

# Geometry of EQ 5, SYMMETRY = C2v 
Au	   0.148950208800	   0.355665243047	  -0.012079974072
Cu	  -2.084814713137	   1.036829363721	  -0.937440900599
Cu	  -1.819374119983	   0.885597336584	   1.462418750640
Cu	   2.337368287653	  -0.314703561534	   1.032546757471
Cu	   2.182559455023	  -0.197095612435	  -1.378875111595
Energy    = -920.100262611993 (-920.100262611993 :    0.000000000000)
Spin(**2) =    0.753993061796
ZPVE      =    0.002538339384
Normal mode eigenvalues : nmode = 9
 -0.000000668   0.000040568   0.000061770   0.000562279   0.000768913
  0.000942593   0.000967379   0.001746426   0.002254859
