List of Equilibrium Structures

# Geometry of EQ 0, SYMMETRY = C2v 
Ag	   1.624422000000	   0.778620000000	   0.000000000000
Au	   0.282731000000	   3.162399000000	   0.000000000000
Au	  -1.231931000000	   0.990293000000	   0.000000000000
Au	   0.000000000000	  -1.579367000000	   0.000000000000
Au	  -2.658047000000	  -1.273627000000	   0.000000000000
Au	   2.640818000000	  -1.762928000000	   0.000000000000
Energy    = -823.206185966425 (-823.206185966425 :    0.000000000000)
Spin(**2) =   -0.000000000000
ZPVE      =    0.002519262793
Normal mode eigenvalues : nmode = 12
  0.000029312   0.000044352   0.000050016   0.000122660   0.000156103
  0.000170064   0.000251831   0.000448141   0.000576758   0.000748465
  0.001246211   0.001271006

# Geometry of EQ 1, SYMMETRY = C5v 
Ag	   0.284508747458	   0.138037840255	   1.210595253371
Au	   1.139936154486	   2.077439412591	  -0.604104378159
Au	  -1.567859621899	   1.735490005679	  -0.132548399267
Au	   0.363584376919	  -2.309554490735	  -0.127194180008
Au	  -2.047390453028	  -0.976836352172	   0.159108196175
Au	   2.334567711789	  -0.421318648644	  -0.598079002789
Energy    = -823.181918010131 (-823.181918010131 :    0.000000000000)
Spin(**2) =   -0.000000000000
ZPVE      =    0.002306205107
Normal mode eigenvalues : nmode = 12
  0.000004260   0.000004339   0.000135841   0.000135894   0.000185058
  0.000256873   0.000257243   0.000387105   0.000387320   0.000787926
  0.000788198   0.000800826

# Geometry of EQ 2, SYMMETRY = Cs  
Ag	  -1.274795443475	   3.100609107262	   0.867512372149
Au	   1.080008749075	   2.825659164671	  -0.424005690327
Au	  -0.355429254600	   0.642234365260	   0.156690253477
Au	   0.178161036873	  -1.988844420544	  -0.361427915287
Au	  -2.084756942355	  -1.239374370184	   0.922516564815
Au	   2.338156461169	  -2.681935098822	  -1.584885664016
Energy    = -823.163519728039 (-823.163519728039 :    0.000000000000)
Spin(**2) =   -0.000000000000
ZPVE      =    0.002288417722
Normal mode eigenvalues : nmode = 12
  0.000003440   0.000007273   0.000018209   0.000044063   0.000050994
  0.000201267   0.000260896   0.000402575   0.000502656   0.000774880
  0.001156810   0.001454619

# Geometry of EQ 3, SYMMETRY = C1  
Ag	   2.418351235031	   2.718216916051	  -0.572660058755
Au	  -0.123741258971	   3.410074676773	  -0.275957754892
Au	   0.582658571420	   0.722884151366	  -0.132938821587
Au	  -1.417610020980	  -3.690693141972	   0.564727745886
Au	  -1.635456777617	  -1.059528378658	   0.359585564590
Au	   0.915808104170	  -1.895139810183	   0.056080862036
Energy    = -823.138587155489 (-823.138587155489 :    0.000000000000)
Spin(**2) =    0.000000000000
ZPVE      =    0.002069336999
Normal mode eigenvalues : nmode = 12
  0.000001037   0.000005306   0.000008393   0.000050919   0.000060051
  0.000088597   0.000167547   0.000347015   0.000410183   0.000830950
  0.000910458   0.001250329

# Geometry of EQ 4, SYMMETRY = Cs  
Ag	   2.376004876610	   0.658846467026	  -0.378654177486
Au	   0.311335000118	   2.518043980223	   0.316256080287
Au	  -2.133614453174	   0.960844002262	  -0.091640428298
Au	   0.141449552497	  -0.091799786739	   0.989616700047
Au	  -1.485323329295	  -1.705334715041	  -0.494748349386
Au	   1.420250616157	  -2.040970754243	  -0.373695323758
Energy    = -823.171876318779 (-823.171876318779 :    0.000000000000)
Spin(**2) =   -0.000000000000
ZPVE      =    0.002215233213
Normal mode eigenvalues : nmode = 12
  0.000016719   0.000018444   0.000049588   0.000077155   0.000108910
  0.000222189   0.000239168   0.000288365   0.000348897   0.000761085
  0.000924700   0.000929464

# Geometry of EQ 5, SYMMETRY = C2v 
Ag	  -0.167383707591	   3.240624774192	   0.281936374303
Au	   1.204042809898	   1.095267008369	  -0.644089108687
Au	  -1.222196371605	   0.770069962362	   0.635079776667
Au	   0.163104374014	  -1.576003397093	  -0.316067391970
Au	  -2.188810664946	  -1.737379988429	   0.936857037761
Au	   2.493833464374	  -1.109541699703	  -1.531695524798
Energy    = -823.193200011858 (-823.193200011858 :    0.000000000000)
Spin(**2) =   -0.000000000000
ZPVE      =    0.002451204094
Normal mode eigenvalues : nmode = 12
  0.000031770   0.000036168   0.000043514   0.000095350   0.000148450
  0.000240097   0.000245976   0.000492255   0.000572284   0.000572657
  0.001124595   0.001180668

# Geometry of EQ 6, SYMMETRY = C2v 
Ag	   2.498344572316	   0.668574564547	  -0.070755087235
Au	   0.433926596158	   2.457073291067	   0.304615862138
Au	  -2.276518447133	   1.790366503807	   0.383512446546
Au	  -0.412123142752	  -0.074897798267	   0.009872353630
Au	  -1.171113969821	  -2.610258727483	  -0.290951470117
Au	   1.527256549166	  -1.895311499722	  -0.362364874238
Energy    = -823.177892403358 (-823.177892403358 :    0.000000000000)
Spin(**2) =   -0.000000000000
ZPVE      =    0.002369548128
Normal mode eigenvalues : nmode = 12
  0.000016941   0.000022810   0.000032206   0.000059811   0.000132080
  0.000245006   0.000308255   0.000455505   0.000571273   0.000636479
  0.000764113   0.001385255

# Geometry of EQ 7, SYMMETRY = Cs  
Ag	   4.059618859929	  -2.235030405845	  -1.429515497460
Au	  -2.725568936655	   3.466052152007	   1.654662358300
Au	  -1.790026515924	   1.257553376083	   0.717068442133
Au	   0.751466629889	   0.608171631744	   0.098077924380
Au	  -1.214356378413	  -1.252166613028	  -0.274051493937
Au	   1.549324750839	  -1.766461070563	  -0.879162146343
Energy    = -823.141083316846 (-823.141083316846 :    0.000000000000)
Spin(**2) =   -0.000000000000
ZPVE      =    0.002147349161
Normal mode eigenvalues : nmode = 12
  0.000002151   0.000004365   0.000017770   0.000026936   0.000047737
  0.000093544   0.000230735   0.000314278   0.000602147   0.000697120
  0.001171736   0.001276697

# Geometry of EQ 8, SYMMETRY = Cs  
Ag	  -0.896486776453	   3.658509884810	  -1.068061203367
Au	  -0.460034962177	   1.484819824979	   0.288619254039
Au	   1.163966104821	  -0.146724945610	   1.990261762429
Au	   0.474266811942	  -1.146199763500	  -0.527136542833
Au	  -1.351841900188	  -0.912004563989	   1.575663068564
Au	   1.176761193173	  -2.268720882929	  -2.722352659718
Energy    = -823.138220496624 (-823.138220496624 :    0.000000000000)
Spin(**2) =   -0.000000000000
ZPVE      =    0.002068490315
Normal mode eigenvalues : nmode = 12
  0.000001895   0.000007633   0.000009697   0.000015853   0.000083940
  0.000105364   0.000196368   0.000252329   0.000265114   0.000800752
  0.001189581   0.001369001

# Geometry of EQ 9, SYMMETRY = Cs  
Ag	   0.370390230362	   2.437751229279	   1.419381498580
Au	   1.817688176530	   0.931428282302	  -0.344776219222
Au	  -0.637176569543	   0.165622362070	   0.412637752604
Au	  -1.664272707844	  -2.181478593657	  -0.634274983683
Au	  -3.104701924815	  -0.755775714726	   1.071848679943
Au	   3.617720564211	  -0.047339851994	  -1.936579599177
Energy    = -823.149005690485 (-823.149005690485 :    0.000000000000)
Spin(**2) =    0.000000000000
ZPVE      =    0.002235861232
Normal mode eigenvalues : nmode = 12
  0.000001876   0.000006553   0.000017221   0.000034760   0.000054835
  0.000192082   0.000239574   0.000355688   0.000569948   0.000758805
  0.001006222   0.001459486

# Geometry of EQ 10, SYMMETRY = Cs  
Ag	   2.239697752208	   0.623947591641	  -0.294037824087
Au	  -0.080213366722	   2.023454222223	   0.245116172217
Au	  -2.053887347268	   3.648814306459	   0.752725410807
Au	  -0.328004099268	  -0.606156692235	  -0.007530348253
Au	  -0.702129769506	  -3.296735330544	  -0.245686875307
Au	   1.771140152208	  -2.155271494058	  -0.526132271632
Energy    = -823.151506036674 (-823.151506036674 :    0.000000000000)
Spin(**2) =   -0.000000000000
ZPVE      =    0.002266876979
Normal mode eigenvalues : nmode = 12
  0.000003050   0.000010666   0.000026666   0.000050889   0.000063314
  0.000191332   0.000318882   0.000456333   0.000472712   0.000698462
  0.000995817   0.001261999

# Geometry of EQ 11, SYMMETRY = C1  
Ag	   1.030728488307	   3.437873171185	  -0.067490155129
Au	  -1.194691043242	   3.860533255872	   1.315754436178
Au	  -0.537658542415	   1.277544161779	   0.528723880625
Au	   1.230623755722	  -3.617997293174	   0.281916832811
Au	   0.038254779152	  -1.136456474362	  -0.184013398602
Au	  -0.047238354529	  -3.285246311031	  -1.970039966877
Energy    = -823.144377898551 (-823.144377898551 :    0.000000000000)
Spin(**2) =   -0.000000000000
ZPVE      =    0.002134055297
Normal mode eigenvalues : nmode = 12
  0.000000345   0.000001569   0.000007546   0.000034385   0.000053455
  0.000123443   0.000217164   0.000332360   0.000425050   0.000882743
  0.001070056   0.001394985

# Geometry of EQ 12, SYMMETRY = Cs  
Ag	   0.468400019096	   0.779740670541	   1.857212738321
Au	   1.044425486453	   0.893444787367	  -0.850954422766
Au	  -1.142352347743	   2.251265922889	   0.140192870672
Au	  -1.940824618637	  -2.977982965116	   0.470224368611
Au	  -1.325204765662	  -0.500742203111	   0.177664871978
Au	   3.295203995404	   0.104481500701	  -1.806103297766
Energy    = -823.161168266908 (-823.161168266908 :    0.000000000000)
Spin(**2) =   -0.000000000000
ZPVE      =    0.002288860132
Normal mode eigenvalues : nmode = 12
  0.000008309   0.000016621   0.000022181   0.000024527   0.000097534
  0.000191284   0.000238484   0.000314079   0.000443782   0.000817365
  0.001181614   0.001438195

# Geometry of EQ 13, SYMMETRY = Cs  
Ag	  -0.370893361112	   4.525836150717	   0.507175853963
Au	  -0.781322087180	   1.931799742358	   1.233639085143
Au	   0.660533151832	   2.409667363924	  -0.981652180195
Au	   0.314450641383	  -5.374885933260	  -0.145756760774
Au	   0.234916037254	  -0.180053343972	  -0.236327750989
Au	   0.396226324650	  -2.799911946200	  -0.371113854623
Energy    = -823.125589026838 (-823.125589026838 :    0.000000000000)
Spin(**2) =   -0.000000000000
ZPVE      =    0.002003606433
Normal mode eigenvalues : nmode = 12
  0.000000569   0.000001345   0.000006631   0.000011187   0.000020733
  0.000115785   0.000206258   0.000264497   0.000459190   0.000828188
  0.000963570   0.001300936

# Geometry of EQ 14, SYMMETRY = C1  
Ag	   2.910395197295	   4.367154110261	  -0.314125079336
Au	   0.784622737143	   2.949870139613	  -0.863121731334
Au	  -0.289893973329	   0.709332827079	   0.130902496669
Au	  -1.126565798345	  -4.005216354092	   0.376853384415
Au	  -1.935580066229	  -1.354507447309	   0.781394283161
Au	   0.424847493222	  -1.912886754110	  -0.348672211940
Energy    = -823.131217135270 (-823.131217135270 :    0.000000000000)
Spin(**2) =   -0.000000000000
ZPVE      =    0.002012999715
Normal mode eigenvalues : nmode = 12
  0.000001070   0.000002367   0.000004244   0.000013933   0.000043237
  0.000143799   0.000178356   0.000255588   0.000460090   0.000839172
  0.000983160   0.001145326

# Geometry of EQ 15, SYMMETRY = C2v 
Ag	   1.794537376291	   2.967903606081	  -1.536234865370
Au	   0.595662251402	   0.936178250302	  -0.444250572263
Au	  -0.559616212210	   0.748870821736	   2.250831508987
Au	   0.078538212795	  -1.705817287400	  -1.622330286256
Au	  -1.764668432754	  -0.607891127553	   0.145193537325
Au	   0.604406977964	  -1.497656762636	   1.099215376828
Energy    = -823.138762458764 (-823.138762458764 :    0.000000000000)
Spin(**2) =   -0.000000000000
ZPVE      =    0.002086033348
Normal mode eigenvalues : nmode = 12
  0.000003413   0.000004456   0.000031624   0.000070435   0.000112616
  0.000151124   0.000194526   0.000225811   0.000300633   0.000657521
  0.000882902   0.001265875
