List of Transition Structures

# Geometry of TS 0, SYMMETRY = Cs  
Ag	   0.613975296181	   0.295792739634	   1.412288065074
Au	   1.175903282947	   2.210221864051	  -0.554964707116
Au	  -1.308890734346	   1.208195407974	  -0.354261271642
Au	   0.116807272807	  -1.777831750466	  -0.349465798205
Au	  -2.398596334468	  -1.144346032103	   0.396726314784
Au	   2.458794216877	  -0.476642229087	  -0.550322602893
Energy    = -823.177868463365 (-823.177868463365 :    0.000000000000)
Spin(**2) =    0.000000000000
ZPVE      =    0.002275622641
Normal mode eigenvalues : nmode = 12
 -0.000036548   0.000010683   0.000022648   0.000087505   0.000145706
  0.000253485   0.000360594   0.000415338   0.000487245   0.000790991
  0.000799860   0.000966814
CONNECTION : 1 - 0

# Geometry of TS 1, SYMMETRY = C1  
Ag	   0.423752958587	   2.350550216028	   1.793935762455
Au	   0.459661907183	   3.122241386277	  -0.765899351177
Au	  -0.691797509120	   0.763881064849	  -0.145039524887
Au	   0.233860654532	  -1.857502069737	  -0.326983245682
Au	  -2.277235723228	  -1.260815401390	   0.511497357386
Au	   2.509750712054	  -2.802965196026	  -1.067510998097
Energy    = -823.159346311734 (-823.159346311734 :    0.000000000000)
Spin(**2) =   -0.000000000000
ZPVE      =    0.002224120110
Normal mode eigenvalues : nmode = 12
 -0.000008170   0.000006752   0.000020615   0.000026709   0.000047013
  0.000216795   0.000247401   0.000382100   0.000418573   0.000812101
  0.001169240   0.001414097
CONNECTION : 2 - 0

# Geometry of TS 2, SYMMETRY = C2v 
Ag	   2.663293562200	   0.647257234258	   0.001165697482
Au	   0.698378440718	   2.611306828041	  -0.047299086203
Au	  -2.543703595761	   0.854336846631	  -0.028694030313
Au	  -0.011522806922	   0.024172389498	  -0.000199904338
Au	  -1.916963662534	  -1.838768577681	   0.027172844822
Au	   1.768511062308	  -1.982914720745	   0.047854478557
Energy    = -823.174498429187 (-823.174498429187 :    0.000000000000)
Spin(**2) =   -0.000000000000
ZPVE      =    0.002264728209
Normal mode eigenvalues : nmode = 12
 -0.000038292   0.000022061   0.000022684   0.000044789   0.000072044
  0.000223969   0.000309627   0.000347366   0.000522950   0.000682829
  0.001030057   0.001328845
CONNECTION : 0 - 0

# Geometry of TS 3, SYMMETRY = C1  
Ag	   1.606799977124	   0.851058331283	   1.050879028981
Au	   0.333520726032	   3.217808727810	   0.263764323866
Au	  -0.034590639272	   0.949277609390	  -1.095582581161
Au	  -0.445159104475	  -1.553307428890	  -0.015695173888
Au	  -2.851078487310	  -2.081964720052	   0.727448269697
Au	   2.048500527902	  -1.067482519539	  -0.930813867503
Energy    = -823.164009880840 (-823.164009880840 :    0.000000000000)
Spin(**2) =    0.000000000000
ZPVE      =    0.002226713663
Normal mode eigenvalues : nmode = 12
 -0.000023588   0.000006945   0.000016203   0.000038692   0.000091360
  0.000175834   0.000294263   0.000383478   0.000468569   0.000781419
  0.001017390   0.001310979
CONNECTION : 0 - 0

# Geometry of TS 4, SYMMETRY = Cs  
Ag	   2.238738804476	   2.957696073956	  -0.571845093285
Au	  -0.389857637152	   3.062351427104	  -0.203537163618
Au	   0.905283225379	   0.592238466538	  -0.166650115419
Au	  -1.595625706393	  -3.442822055533	   0.567240553850
Au	  -1.487611916202	  -0.824628295519	   0.314730972188
Au	   0.987066229884	  -2.029445616537	   0.060060846278
Energy    = -823.138108495323 (-823.138108495323 :    0.000000000000)
Spin(**2) =   -0.000000000000
ZPVE      =    0.002046250121
Normal mode eigenvalues : nmode = 12
 -0.000009814   0.000000651   0.000008902   0.000050394   0.000053180
  0.000089196   0.000179668   0.000371215   0.000399755   0.000851589
  0.000874016   0.001274026
CONNECTION : 3 - 0

# Geometry of TS 5, SYMMETRY = C1  
Ag	   2.437002578167	   0.693315723582	  -0.306776554868
Au	   0.306091697547	   2.513402623722	   0.330062017634
Au	  -2.134805225703	   0.999604366583	  -0.088696580714
Au	   0.129901050457	  -0.143385545085	   0.857900550288
Au	  -1.645143695488	  -1.718576439120	  -0.430371108327
Au	   1.564946595019	  -2.028970729681	  -0.362118324014
Energy    = -823.171487008487 (-823.171487008487 :    0.000000000000)
Spin(**2) =    0.000000000000
ZPVE      =    0.002168238262
Normal mode eigenvalues : nmode = 12
 -0.000035207   0.000018303   0.000023482   0.000055188   0.000111043
  0.000219613   0.000245111   0.000297865   0.000369570   0.000757523
  0.000968643   0.001053145
CONNECTION : 4 - 0

# Geometry of TS 6, SYMMETRY = Cs  
Ag	  -1.044916661598	   3.186631726709	   0.750787786569
Au	   1.206521107140	   2.416899350000	  -0.530645523265
Au	  -0.541212863095	   0.559893862967	   0.249473188443
Au	   0.096793619213	  -2.023122095008	  -0.319246079401
Au	  -2.204474500843	  -1.394612137044	   0.975327622640
Au	   2.368633905869	  -2.087341959982	  -1.549297074175
Energy    = -823.163100977796 (-823.163100977796 :    0.000000000000)
Spin(**2) =   -0.000000000000
ZPVE      =    0.002264837247
Normal mode eigenvalues : nmode = 12
 -0.000006848   0.000009460   0.000012370   0.000040317   0.000050679
  0.000192848   0.000291599   0.000393114   0.000546895   0.000754235
  0.001131162   0.001448732
CONNECTION : 2 - 5

# Geometry of TS 7, SYMMETRY = Cs  
Ag	   1.518329722031	   0.544700348314	  -0.945030173211
Au	   0.404859641930	   2.528977725424	   0.686990879512
Au	  -1.819122640822	   1.024921214818	  -0.335047641668
Au	   0.147610604787	  -0.140052992485	   1.308832443768
Au	  -1.176582987186	  -1.561277203727	  -0.729379513835
Au	   1.555007922168	  -2.097639898864	  -0.019231493168
Energy    = -823.167871662560 (-823.167871662560 :    0.000000000000)
Spin(**2) =   -0.000000000000
ZPVE      =    0.002210531960
Normal mode eigenvalues : nmode = 12
 -0.000047973   0.000010172   0.000078979   0.000125534   0.000143379
  0.000155924   0.000249319   0.000386361   0.000387687   0.000703491
  0.000810389   0.000954241
CONNECTION : 1 - 4

# Geometry of TS 8, SYMMETRY = Cs  
Ag	   2.564298975364	   0.589932940859	  -0.085571970386
Au	   0.667741226762	   2.599839212917	   0.309499593348
Au	  -2.547733354041	   1.186914592378	   0.317604132434
Au	  -0.191123074948	   0.120239394476	   0.022743176239
Au	  -1.351105544250	  -2.223797896450	  -0.226361291499
Au	   1.488024034048	  -1.973499050672	  -0.370779138743
Energy    = -823.171859995498 (-823.171859995498 :    0.000000000000)
Spin(**2) =   -0.000000000000
ZPVE      =    0.002263137056
Normal mode eigenvalues : nmode = 12
 -0.000047745   0.000023689   0.000026655   0.000044388   0.000053541
  0.000154394   0.000323519   0.000379808   0.000540802   0.000606271
  0.001199190   0.001356685
CONNECTION : 6 - 0

# Geometry of TS 9, SYMMETRY = Cs  
Ag	  -1.401796828056	   2.881501351783	   0.913959957839
Au	   0.977037088257	   3.062864727340	  -0.379251763958
Au	  -0.135294641126	   0.662618886083	   0.038093290174
Au	   0.179809247825	  -2.007118225738	  -0.352205595544
Au	  -2.008386853652	  -1.050596404664	   0.930499269241
Au	   2.269976593439	  -2.890921587159	  -1.574695236942
Energy    = -823.163337726161 (-823.163337726161 :    0.000000000000)
Spin(**2) =   -0.000000000000
ZPVE      =    0.002242766946
Normal mode eigenvalues : nmode = 12
 -0.000009267   0.000007684   0.000010023   0.000041947   0.000047202
  0.000204335   0.000251973   0.000409192   0.000493946   0.000770881
  0.001151085   0.001437342
CONNECTION : 0 - 2

# Geometry of TS 10, SYMMETRY = C1  
Ag	   2.665132144565	   0.501467166413	  -0.254688488795
Au	   0.115663554852	   2.648638863090	   0.383679973248
Au	  -2.219945229054	   0.940300021402	  -0.006772233458
Au	   0.223349548597	   0.026153058599	   0.702338449643
Au	  -1.545368474432	  -1.734845413758	  -0.420520009343
Au	   1.391270718387	  -2.082084502260	  -0.436903189889
Energy    = -823.170056173888 (-823.170056173888 :    0.000000000000)
Spin(**2) =   -0.000000000000
ZPVE      =    0.002119431535
Normal mode eigenvalues : nmode = 12
 -0.000050883   0.000019771   0.000026247   0.000031814   0.000066948
  0.000143335   0.000220742   0.000260301   0.000423638   0.000702517
  0.001057590   0.001226104
CONNECTION : 5 - 4

# Geometry of TS 11, SYMMETRY = Cs  
Ag	   4.058839958535	  -1.750582528471	  -1.254433506696
Au	  -2.502197671712	   3.499886524663	   1.633207900412
Au	  -1.804349502904	   1.200237842759	   0.698617944784
Au	   0.714968360815	   0.520681358885	   0.071519815521
Au	  -1.308275726228	  -1.326462873875	  -0.286611333581
Au	   1.471116844400	  -1.844131130475	  -0.895166319032
Energy    = -823.140996329896 (-823.140996329896 :    0.000000000000)
Spin(**2) =   -0.000000000000
ZPVE      =    0.002120177304
Normal mode eigenvalues : nmode = 12
 -0.000004400   0.000006009   0.000011982   0.000024315   0.000047686
  0.000080140   0.000229831   0.000325761   0.000602806   0.000761672
  0.001127985   0.001252925
CONNECTION : 5 - 7

# Geometry of TS 12, SYMMETRY = C1  
Ag	  -1.078957799229	   3.149757285639	   0.266881146694
Au	   1.019464332849	   1.817909510632	  -0.694078754042
Au	  -0.947278344702	   0.408579283504	   0.719536500957
Au	   0.958356433076	  -0.905767469397	  -0.816210078412
Au	  -2.586191200135	  -1.135870612216	   1.955749199968
Au	   2.515951184832	  -2.676259250514	  -1.855478094339
Energy    = -823.149773293754 (-823.149773293754 :    0.000000000000)
Spin(**2) =   -0.000000000000
ZPVE      =    0.002123220741
Normal mode eigenvalues : nmode = 12
 -0.000008958   0.000001089   0.000007075   0.000018636   0.000043567
  0.000136284   0.000197838   0.000375055   0.000430598   0.000920625
  0.001156919   0.001330049
CONNECTION : 0 - 5

# Geometry of TS 13, SYMMETRY = Cs  
Ag	   0.641193578755	   2.881750577892	  -0.053019590441
Au	   0.077893369950	   0.260998780471	  -0.103360536140
Au	  -1.724006871924	   1.843489140234	   0.998863491326
Au	   0.618053805342	  -2.319140687795	  -0.699771644643
Au	  -1.732060019231	  -1.705085130999	   0.553641946234
Au	   2.401516041247	  -0.278976020104	  -1.334332503052
Energy    = -823.172486538588 (-823.172486538588 :    0.000000000000)
Spin(**2) =   -0.000000000000
ZPVE      =    0.002230100313
Normal mode eigenvalues : nmode = 12
 -0.000041722   0.000022317   0.000025478   0.000039931   0.000075191
  0.000230874   0.000269867   0.000306763   0.000478457   0.000681102
  0.000951615   0.001422119
CONNECTION : 0 - 5

# Geometry of TS 14, SYMMETRY = Cs  
Ag	  -1.400415832259	   3.706896927114	  -0.075454722264
Au	   2.987078026852	  -0.667293539618	   0.285967776884
Au	  -1.547940313655	   1.147007951295	   0.362852071648
Au	   0.275017867672	  -0.941112796701	  -0.038689130009
Au	  -2.072077730488	  -1.535426252331	   0.965958241242
Au	   2.040927886027	  -1.027035630070	  -2.138613074229
Energy    = -823.136156522736 (-823.136156522736 :    0.000000000000)
Spin(**2) =   -0.000000000000
ZPVE      =    0.002076975948
Normal mode eigenvalues : nmode = 12
 -0.000201697   0.000006420   0.000008717   0.000020403   0.000038494
  0.000159854   0.000246465   0.000261599   0.000306531   0.000807079
  0.001148552   0.001355910
CONNECTION : 6 - 6

# Geometry of TS 15, SYMMETRY = Cs  
Ag	   0.434172110373	   1.829233181118	   1.053564703653
Au	   0.702001490547	   1.234786163083	  -1.579781666823
Au	  -1.740309357026	   0.908110702304	  -0.281901988197
Au	   0.340558447295	  -1.143167581262	   0.129615144839
Au	  -2.047323491876	  -1.383745941909	   1.252353992327
Au	   2.593490704831	  -0.762179863630	  -1.211829022526
Energy    = -823.170080646949 (-823.170080646949 :    0.000000000000)
Spin(**2) =    0.000000000000
ZPVE      =    0.002242229317
Normal mode eigenvalues : nmode = 12
 -0.000034791   0.000009029   0.000047283   0.000066739   0.000113660
  0.000254349   0.000281517   0.000377386   0.000431444   0.000571931
  0.001037112   0.001136364
CONNECTION : 5 - 1

# Geometry of TS 16, SYMMETRY = C1  
Ag	  -1.389192289448	   3.633729143875	  -0.981878820914
Au	  -0.318157772538	   1.464154456042	  -0.018237618165
Au	   1.217986468148	  -0.533389101213	   2.149555122716
Au	   0.536101840375	  -1.244579940843	  -0.412841336462
Au	  -1.374024586931	  -0.521246664157	   1.562847715873
Au	   1.208630947074	  -2.140319146065	  -2.723045142239
Energy    = -823.137159826067 (-823.137159826067 :    0.000000000000)
Spin(**2) =    0.000000000000
ZPVE      =    0.002031178776
Normal mode eigenvalues : nmode = 12
 -0.000022503   0.000005904   0.000008594   0.000014149   0.000021153
  0.000132606   0.000178849   0.000267513   0.000401116   0.000776551
  0.001156536   0.001337682
CONNECTION : 8 - 5

# Geometry of TS 17, SYMMETRY = Cs  
Ag	   0.114483679987	   2.728276819015	   0.049943112936
Au	   1.789932714987	   0.658381353146	  -0.521167802380
Au	  -0.816741588862	   0.212897624553	   0.124341602786
Au	  -2.847356747002	  -1.461106823157	  -0.813273265773
Au	  -2.192247153940	  -1.630824586596	   1.709199611484
Au	   4.234518998971	   0.175412272731	  -1.187022095777
Energy    = -823.144289833496 (-823.144289833496 :    0.000000000000)
Spin(**2) =   -0.000000000000
ZPVE      =    0.002131732410
Normal mode eigenvalues : nmode = 12
 -0.000005344   0.000004217   0.000007881   0.000024978   0.000045799
  0.000156271   0.000195419   0.000300023   0.000516704   0.000836388
  0.001025661   0.001438309
CONNECTION : 9 - 9

# Geometry of TS 18, SYMMETRY = Cs  
Ag	   2.213842895459	   0.226803584419	  -0.604848303856
Au	   0.490372859334	   2.357449409993	  -0.491137010910
Au	  -2.565076943180	  -0.174692781301	   0.753691165047
Au	   0.073665168678	   0.228844005394	   1.384356234691
Au	  -0.620180648333	  -0.191951908166	  -1.180323199059
Au	   1.037478930945	  -2.146823116841	   0.105395615497
Energy    = -823.153236166241 (-823.153236166241 :    0.000000000000)
Spin(**2) =   -0.000000000000
ZPVE      =    0.002155553941
Normal mode eigenvalues : nmode = 12
 -0.000004637   0.000005029   0.000054003   0.000080864   0.000107045
  0.000203039   0.000237233   0.000294953   0.000422738   0.000785080
  0.000813137   0.000974249
CONNECTION : 0 - 0

# Geometry of TS 19, SYMMETRY = C1  
Ag	  -0.356424968209	   3.176291366208	   1.460397819294
Au	  -0.558010485456	   0.717927623541	   0.241324995986
Au	  -1.487491126504	   3.068164200292	  -0.931795537960
Au	   1.581222729712	  -3.531145963032	  -0.902832454310
Au	   0.253511544063	  -1.684929907682	   1.023867114295
Au	   0.849782210552	  -1.063270659622	  -1.528940774034
Energy    = -823.138455499782 (-823.138455499782 :    0.000000000000)
Spin(**2) =    0.000000000000
ZPVE      =    0.002062935693
Normal mode eigenvalues : nmode = 12
 -0.000001021   0.000005354   0.000009688   0.000042620   0.000052102
  0.000118557   0.000165072   0.000339765   0.000416299   0.000832533
  0.000920239   0.001240504
CONNECTION : 3 - 0

# Geometry of TS 20, SYMMETRY = C1  
Ag	   1.632973349890	   0.640649392459	   0.448641341056
Au	   0.813452868342	   3.167255679912	   0.104413653564
Au	  -1.622816716496	   1.982518052308	   0.412985592994
Au	  -0.963796404152	  -0.478972657302	  -0.081912582771
Au	  -0.849690573648	  -3.096973950926	  -0.341853430482
Au	   1.589649634000	  -1.878930182500	  -0.568345343645
Energy    = -823.151963425289 (-823.151963425289 :    0.000000000000)
Spin(**2) =   -0.000000000000
ZPVE      =    0.002143923511
Normal mode eigenvalues : nmode = 12
 -0.000036615   0.000002418   0.000008074   0.000035499   0.000061357
  0.000180236   0.000345989   0.000384186   0.000495301   0.000530854
  0.001061125   0.001252181
CONNECTION : 0 - 6

# Geometry of TS 21, SYMMETRY = C2v 
Ag	   2.728404843250	   0.726535696417	  -0.074195130345
Au	   0.476566163513	   2.231390450357	   0.271300717724
Au	  -2.264239529158	   2.000603933854	   0.408186548628
Au	  -0.736835547997	  -0.157589239742	   0.017866979803
Au	  -1.062002164420	  -2.788322617195	  -0.323480764981
Au	   1.457878392739	  -1.677071889741	  -0.325749120099
Energy    = -823.176820207082 (-823.176820207082 :    0.000000000000)
Spin(**2) =   -0.000000000000
ZPVE      =    0.002327959269
Normal mode eigenvalues : nmode = 12
 -0.000021594   0.000015451   0.000024291   0.000049721   0.000143086
  0.000281070   0.000301676   0.000499878   0.000606856   0.000646732
  0.000756851   0.001357566
CONNECTION : 6 - 5

# Geometry of TS 22, SYMMETRY = Cs  
Ag	   1.766029386744	   0.758653479007	  -0.200682918117
Au	  -0.633081343065	   2.040243017639	   0.338471861783
Au	  -1.496260883226	   4.440462942368	   0.748762943451
Au	  -0.584114798018	  -0.632365339865	   0.032132896161
Au	   0.003088795939	  -4.196032680897	  -0.462478946920
Au	   1.574441104540	  -2.111332224763	  -0.489071334958
Energy    = -823.142722407867 (-823.142722407867 :    0.000000000000)
Spin(**2) =   -0.000000000000
ZPVE      =    0.002127864336
Normal mode eigenvalues : nmode = 12
 -0.000028142   0.000005735   0.000009095   0.000014265   0.000048332
  0.000095337   0.000249389   0.000402365   0.000584902   0.000861079
  0.000925777   0.001295250
CONNECTION : 10 - 0

# Geometry of TS 23, SYMMETRY = Cs  
Ag	   2.560913097707	   0.814145118034	  -0.618574804980
Au	   0.409252619546	   0.982483331533	   1.147737875576
Au	  -2.242870872188	   1.140099389279	   0.264664795050
Au	  -0.094158588586	   0.532586135661	  -1.424305498337
Au	  -1.341377777025	  -1.481251537195	   0.546863259167
Au	   1.308013678484	  -1.652516103360	   0.057543604240
Energy    = -823.148188400358 (-823.148188400358 :    0.000000000000)
Spin(**2) =   -0.000000000000
ZPVE      =    0.002127748197
Normal mode eigenvalues : nmode = 12
 -0.000139538   0.000013858   0.000033957   0.000065144   0.000143816
  0.000227904   0.000229329   0.000267474   0.000442735   0.000613804
  0.000783183   0.001003614
CONNECTION : 4 - 4

# Geometry of TS 24, SYMMETRY = Cs  
Ag	   3.051029439919	   0.842252271653	  -1.554172475269
Au	   1.079881694792	   2.330545560756	  -0.238277396557
Au	  -0.971381648594	   0.900032725028	   0.718021834455
Au	  -2.751081201668	  -0.878181570813	   1.473211398384
Au	  -0.799257107017	  -2.315545605608	   0.176444831475
Au	   1.020911085481	  -0.579474187536	  -0.608093691082
Energy    = -823.155835625409 (-823.155835625409 :    0.000000000000)
Spin(**2) =   -0.000000000000
ZPVE      =    0.002136492183
Normal mode eigenvalues : nmode = 12
 -0.000018614   0.000002590   0.000016015   0.000026950   0.000070928
  0.000224333   0.000304995   0.000362956   0.000497416   0.000520907
  0.001030173   0.001189990
CONNECTION : 0 - 5

# Geometry of TS 25, SYMMETRY = C1  
Ag	   0.901106225536	   1.382946823299	  -1.860590298331
Au	   2.223404470880	   1.472666715880	   0.489010495915
Au	  -0.412549143511	   0.800303129191	   0.469842155727
Au	  -2.907224824752	  -0.067511087968	   0.438633823038
Au	  -0.870320998491	  -1.979576441329	   0.371059287611
Au	   1.695686533269	  -1.309199945590	   0.059179037442
Energy    = -823.161533073662 (-823.161533073662 :    0.000000000000)
Spin(**2) =   -0.000000000000
ZPVE      =    0.002179857233
Normal mode eigenvalues : nmode = 12
 -0.000071248   0.000014540   0.000025703   0.000033671   0.000125750
  0.000203166   0.000224912   0.000393117   0.000434641   0.000702608
  0.000824117   0.001231998
CONNECTION : 5 - 0

# Geometry of TS 26, SYMMETRY = Cs  
Ag	   2.210041443300	   0.728797891425	  -0.459356568482
Au	  -0.142492524795	   2.088487769697	   0.038720027957
Au	  -2.360917676378	   3.379550703789	   0.508567624657
Au	  -0.327667831093	  -0.551702083181	   0.089944867633
Au	  -0.598269062181	  -3.252258393268	   0.159803265563
Au	   1.819077809075	  -2.057329554513	  -0.363749986602
Energy    = -823.151476244472 (-823.151476244472 :    0.000000000000)
Spin(**2) =   -0.000000000000
ZPVE      =    0.002238586589
Normal mode eigenvalues : nmode = 12
 -0.000003624   0.000010850   0.000025960   0.000047970   0.000054538
  0.000198500   0.000325704   0.000447897   0.000490903   0.000688247
  0.000993900   0.001241672
CONNECTION : 10 - 6

# Geometry of TS 27, SYMMETRY = Cs  
Ag	  -0.178952392747	   1.464564553877	  -0.098454864024
Au	   0.452443301751	   3.803348649997	  -0.982389225591
Au	  -0.473104999554	  -0.189438109851	   2.204921976395
Au	   0.304495564055	  -1.398172532455	  -0.174331760548
Au	  -2.270022195701	  -0.440991297094	   0.252571515705
Au	   2.046485328896	  -2.580962516836	  -1.625917721122
Energy    = -823.137621956251 (-823.137621956251 :    0.000000000000)
Spin(**2) =   -0.000000000000
ZPVE      =    0.002141501374
Normal mode eigenvalues : nmode = 12
 -0.000025187   0.000005155   0.000009512   0.000020267   0.000106074
  0.000143021   0.000172424   0.000236813   0.000291268   0.000782972
  0.001313629   0.001675865
CONNECTION : 0 - 0

# Geometry of TS 28, SYMMETRY = Cs  
Ag	   0.400108062646	   2.513635238375	   1.453605640384
Au	   1.793169516288	   0.958103842227	  -0.315896957875
Au	  -0.664084835741	   0.251327600244	   0.484327680408
Au	  -1.478019285626	  -2.113566739175	  -0.683641118820
Au	  -3.089898064220	  -0.852012089995	   1.002927920703
Au	   3.438372375551	  -0.207280138399	  -1.953086035750
Energy    = -823.148972254330 (-823.148972254330 :    0.000000000000)
Spin(**2) =   -0.000000000000
ZPVE      =    0.002213219116
Normal mode eigenvalues : nmode = 12
 -0.000002333   0.000006983   0.000013044   0.000035471   0.000051086
  0.000197972   0.000245549   0.000354521   0.000572516   0.000744973
  0.001006903   0.001452267
CONNECTION : 5 - 9

# Geometry of TS 29, SYMMETRY = Cs  
Ag	   2.461223247081	   0.529109066862	   0.168454658802
Au	   0.015196077233	   1.561880571766	  -0.837679857621
Au	  -1.921089606421	   2.384080746441	   0.941508993252
Au	   0.030743789284	   0.569335188277	   1.638002832212
Au	  -0.452122089617	  -3.471572267710	  -1.411159683764
Au	   0.465820740370	  -1.237286971688	  -0.525197712158
Energy    = -823.142673929181 (-823.142673929181 :    0.000000000000)
Spin(**2) =   -0.000000000000
ZPVE      =    0.002188486830
Normal mode eigenvalues : nmode = 12
 -0.000012587   0.000007557   0.000023925   0.000090540   0.000155643
  0.000167554   0.000168004   0.000242460   0.000472745   0.000728048
  0.000922568   0.001344630
CONNECTION : 5 - 5

# Geometry of TS 30, SYMMETRY = Cs  
Ag	   2.292383403922	   0.985738132362	  -0.277320461019
Au	  -0.197148381907	   2.041913233562	   0.247162379476
Au	  -2.186434937700	   3.636380955630	   0.742768841341
Au	   0.103941392717	  -0.585569048604	  -0.069944637552
Au	  -0.882522224430	  -3.175946668068	  -0.167258823215
Au	   1.716384069052	  -2.664464001393	  -0.550953035286
Energy    = -823.147286740224 (-823.147286740224 :    0.000000000000)
Spin(**2) =   -0.000000000000
ZPVE      =    0.002189469413
Normal mode eigenvalues : nmode = 12
 -0.000021629   0.000007269   0.000008285   0.000028362   0.000056725
  0.000170261   0.000242834   0.000388142   0.000528183   0.000793229
  0.000984420   0.001419292
CONNECTION : 9 - 10

# Geometry of TS 31, SYMMETRY = C1  
Ag	  -1.637567320857	   3.227753315579	   0.722932655436
Au	   0.977646873979	   3.315597903349	   0.269947672202
Au	  -0.332611623359	   0.890127218391	   0.107680446301
Au	   1.352628896058	  -1.338186512568	  -0.541800324485
Au	  -1.321618443083	  -1.547626674033	  -0.114347371525
Au	   0.842866223954	  -3.889316503072	  -0.868013157118
Energy    = -823.138336810246 (-823.138336810246 :    0.000000000000)
Spin(**2) =   -0.000000000000
ZPVE      =    0.002011051188
Normal mode eigenvalues : nmode = 12
 -0.000027892   0.000000793   0.000006134   0.000006680   0.000055933
  0.000092005   0.000193090   0.000378320   0.000419324   0.000865305
  0.000891115   0.001268146
CONNECTION : 0 - 3

# Geometry of TS 32, SYMMETRY = C1  
Ag	  -1.295681768254	   2.628742809609	   1.402662518455
Au	   0.407073927017	   3.805609647826	  -0.231091976604
Au	   0.222651100549	   0.994334240227	  -0.251283385297
Au	   1.128954554786	  -1.511972163640	   0.519286181458
Au	  -0.748472008444	  -1.377368445308	  -1.312182452504
Au	   0.166818801038	  -3.880997341076	  -0.550990964698
Energy    = -823.136910563089 (-823.136910563089 :    0.000000000000)
Spin(**2) =   -0.000000000000
ZPVE      =    0.002021298330
Normal mode eigenvalues : nmode = 12
 -0.000019361   0.000000887   0.000005557   0.000045911   0.000098595
  0.000120751   0.000123799   0.000292526   0.000393581   0.000750633
  0.001015267   0.001174912
CONNECTION : 0 - 0

# Geometry of TS 33, SYMMETRY = Cs  
Ag	   1.325605814878	   0.986757115823	  -0.213012551885
Au	  -1.230825619498	   1.586428954415	   0.425186375702
Au	  -0.564716597475	   4.133652987435	   0.468603016868
Au	  -0.661815002872	  -1.038653504565	   0.089645894345
Au	   0.069031900070	  -3.693528075510	  -0.285828218157
Au	   1.909322826531	  -1.736604874107	  -0.560140253126
Energy    = -823.139816749313 (-823.139816749313 :    0.000000000000)
Spin(**2) =    0.657089368892
ZPVE      =    0.002071430135
Normal mode eigenvalues : nmode = 12
 -0.000034736   0.000005075   0.000016218   0.000044946   0.000086936
  0.000116866   0.000196434   0.000349861   0.000594066   0.000733944
  0.000770456   0.001012520
CONNECTION : 0 - 10

# Geometry of TS 34, SYMMETRY = C1  
Ag	  -0.365243987592	   3.704676881065	  -0.784439638744
Au	  -0.776818108110	   3.936200477848	   1.840673968672
Au	  -0.309294099924	   1.457739703320	   0.751408556107
Au	   0.401319801152	  -3.461580306132	   0.269475611353
Au	   0.131863573000	  -0.863252168431	  -0.306116614709
Au	   0.799517428156	  -4.115435840026	  -2.194601961857
Energy    = -823.138736175102 (-823.138736175102 :    0.000000000000)
Spin(**2) =   -0.000000000000
ZPVE      =    0.002048779076
Normal mode eigenvalues : nmode = 12
 -0.000015128   0.000000455   0.000003682   0.000005913   0.000032583
  0.000057309   0.000210530   0.000428576   0.000499444   0.000954141
  0.000986505   0.001353121
CONNECTION : 11 - 0

# Geometry of TS 35, SYMMETRY = C1  
Ag	   2.389418790189	   2.144063582452	  -0.504513078912
Au	   0.290450376818	   3.749073051474	  -0.371017396039
Au	  -0.049848492202	   0.968998281690	  -0.064073987485
Au	  -0.908745060553	  -3.812783774272	   0.498936858948
Au	  -1.779442398026	  -1.215930394372	   0.389095894041
Au	   0.798176636822	  -1.627606333589	   0.050409246725
Energy    = -823.136872322520 (-823.136872322520 :    0.000000000000)
Spin(**2) =    0.000000000000
ZPVE      =    0.001990052482
Normal mode eigenvalues : nmode = 12
 -0.000017915   0.000001394   0.000008580   0.000042406   0.000063404
  0.000095703   0.000131341   0.000306600   0.000396161   0.000738486
  0.000983793   0.001166196
CONNECTION : 0 - 3

# Geometry of TS 36, SYMMETRY = Cs  
Ag	  -0.032205010764	   1.814022856475	   1.561254817685
Au	   1.704492468598	   0.724082095689	  -0.190479162221
Au	  -0.684154847722	  -0.566346902992	  -0.240365863417
Au	  -2.179986748719	  -2.441794219790	  -1.213561288914
Au	  -2.385039498351	   0.516808984221	   1.492531618509
Au	   3.976541405862	   0.503434899670	  -1.421142992596
Energy    = -823.137194973492 (-823.137194973492 :    0.000000000000)
Spin(**2) =   -0.000000000000
ZPVE      =    0.002109222172
Normal mode eigenvalues : nmode = 12
 -0.000032288   0.000001072   0.000004991   0.000011566   0.000043114
  0.000046034   0.000254187   0.000477496   0.000618002   0.000882440
  0.001046865   0.001251087
CONNECTION : 0 - 10

# Geometry of TS 37, SYMMETRY = Cs  
Ag	   2.581073555173	   2.669755320439	  -0.536556469172
Au	   0.101481272324	   3.621032159395	  -0.564447176952
Au	   0.526719952934	   0.906867729650	  -0.158010547924
Au	  -1.146980535766	  -3.905210005277	   0.683410473815
Au	  -1.992373131702	  -1.415085039081	   0.333632476728
Au	   0.670088740086	  -1.671545751753	   0.240808780785
Energy    = -823.136742273924 (-823.136742273924 :    0.000000000000)
Spin(**2) =   -0.000000000000
ZPVE      =    0.002054704506
Normal mode eigenvalues : nmode = 12
 -0.000022447   0.000001519   0.000008178   0.000012274   0.000062739
  0.000093070   0.000215974   0.000357853   0.000429156   0.000900735
  0.000916235   0.001272921
CONNECTION : 11 - 3

# Geometry of TS 38, SYMMETRY = C1  
Ag	   1.135142154601	   2.203693167018	   0.800607741611
Au	  -0.892182493267	   3.993855496771	   1.007612654301
Au	  -1.323100010307	   1.388733799633	   0.143132702696
Au	   2.070120066646	  -2.680447392043	  -0.517149131914
Au	  -0.148482714155	  -0.878122479417	  -0.348963849044
Au	  -0.321477920522	  -3.491462081690	  -1.180388488643
Energy    = -823.141185967873 (-823.141185967873 :    0.000000000000)
Spin(**2) =   -0.000000000000
ZPVE      =    0.002064435187
Normal mode eigenvalues : nmode = 12
 -0.000020023   0.000000566   0.000007132   0.000010791   0.000069137
  0.000124080   0.000190083   0.000277353   0.000460646   0.000882345
  0.001107143   0.001241846
CONNECTION : 0 - 11

# Geometry of TS 39, SYMMETRY = Cs  
Ag	  -0.460613471494	   3.206770134457	   1.798319091356
Au	   1.270233374398	  -0.491568199930	  -0.916287411163
Au	  -0.529562199798	   0.848583584537	   0.679860477345
Au	  -0.858649848853	  -2.071414316284	  -0.578119539405
Au	  -2.626154502616	  -0.843771168900	   0.949970877133
Au	   3.604394417263	  -0.098392320599	  -1.945506366220
Energy    = -823.133681814190 (-823.133681814190 :    0.000000000000)
Spin(**2) =   -0.000000000000
ZPVE      =    0.002023100594
Normal mode eigenvalues : nmode = 12
 -0.000030023   0.000003834   0.000006937   0.000017464   0.000025607
  0.000026162   0.000254993   0.000379416   0.000464163   0.000790085
  0.001122117   0.001239719
CONNECTION : 5 - 5

# Geometry of TS 40, SYMMETRY = C1  
Ag	   0.842015156132	   2.125708627681	   0.353345519061
Au	   1.920297680745	  -0.064333383036	  -0.644142845590
Au	  -0.680071754116	  -0.181514748276	   0.169750794872
Au	  -2.573038021210	  -2.248609276162	  -0.406606702534
Au	  -3.138852663761	  -0.549153122455	   1.473748007423
Au	   4.029297371112	   1.468109615514	  -0.957857644187
Energy    = -823.136420991081 (-823.136420991081 :    0.000000000000)
Spin(**2) =    0.000000000000
ZPVE      =    0.001939944706
Normal mode eigenvalues : nmode = 12
 -0.000054168   0.000000241   0.000004152   0.000007775   0.000036655
  0.000077377   0.000121454   0.000217071   0.000516186   0.000935122
  0.001003787   0.001207502
CONNECTION : 0 - 9

# Geometry of TS 41, SYMMETRY = Cs  
Ag	  -0.046661852335	   5.342900724995	  -0.212930833470
Au	   0.074355928846	   2.776313366176	   0.204649294520
Au	   0.389493772544	   0.643694338996	   1.811088447477
Au	   0.161057294851	  -4.142889200459	  -0.046755534279
Au	   0.172518178518	  -1.445506314641	   0.315218449128
Au	  -0.230744239451	  -2.638262404799	  -2.166418194361
Energy    = -823.129432162051 (-823.129432162051 :    0.000000000000)
Spin(**2) =   -0.000000000000
ZPVE      =    0.002007476744
Normal mode eigenvalues : nmode = 12
 -0.000003322   0.000001472   0.000006639   0.000015286   0.000022900
  0.000045190   0.000217892   0.000294123   0.000434069   0.000822293
  0.001192471   0.001314707
CONNECTION : 6 - 11

# Geometry of TS 42, SYMMETRY = C1  
Ag	   0.394396374890	   0.339344468086	   1.717907615473
Au	   1.013236278482	   1.000726120170	  -0.891484100917
Au	  -1.100166900429	   2.325775602039	   0.219755293354
Au	  -1.645607854111	  -2.832787268028	   0.699501084196
Au	  -1.532147745495	  -0.361956295335	  -0.045757719671
Au	   3.269937615570	   0.079105086341	  -1.711685043388
Energy    = -823.160094869317 (-823.160094869317 :    0.000000000000)
Spin(**2) =   -0.000000000000
ZPVE      =    0.002190700179
Normal mode eigenvalues : nmode = 12
 -0.000026128   0.000007521   0.000009585   0.000025021   0.000054179
  0.000139750   0.000230987   0.000400350   0.000449274   0.000897357
  0.001133710   0.001369962
CONNECTION : 0 - 12

# Geometry of TS 43, SYMMETRY = C1  
Ag	   0.147883916307	   0.741990763506	   1.938346863371
Au	   1.080197062078	   1.257151684250	  -0.762511676411
Au	  -1.159369813732	   2.394941045502	   0.231830261362
Au	  -1.878093370368	  -2.888427758521	   0.613585716128
Au	  -0.700221954990	  -0.748994753195	  -0.198904072214
Au	   2.909251929617	  -0.206453268270	  -1.834109963187
Energy    = -823.156624293520 (-823.156624293520 :    0.000000000000)
Spin(**2) =    0.000000000000
ZPVE      =    0.002181278974
Normal mode eigenvalues : nmode = 12
 -0.000039297   0.000004920   0.000012607   0.000017419   0.000026699
  0.000145476   0.000286528   0.000374885   0.000487113   0.000866989
  0.001184296   0.001359543
CONNECTION : 0 - 12

# Geometry of TS 44, SYMMETRY = C1  
Ag	   1.143884611480	   1.946205336855	  -0.336977064745
Au	  -1.230611297309	   3.976880932078	   1.350997142646
Au	  -1.125926808358	   1.400374864499	   0.885143166235
Au	   1.381067294150	  -3.230932100170	   0.235721190876
Au	   0.222849453492	  -0.682111733598	  -0.216960279259
Au	   0.128755829544	  -2.874166789400	  -2.013072526747
Energy    = -823.136430224114 (-823.136430224114 :    0.000000000000)
Spin(**2) =   -0.000000000000
ZPVE      =    0.001936915440
Normal mode eigenvalues : nmode = 12
 -0.000050139   0.000000394   0.000002954   0.000004795   0.000016921
  0.000099578   0.000118586   0.000230165   0.000521961   0.000955563
  0.001014118   0.001232063
CONNECTION : 9 - 0

# Geometry of TS 45, SYMMETRY = C1  
Ag	   0.091157417185	   1.336718044875	  -0.147487284737
Au	   1.306761795661	   3.851594155584	  -0.551050852209
Au	  -1.154604931301	   3.836986651318	   0.254707268143
Au	   0.635903041888	  -3.472897629414	   1.468896594035
Au	  -0.136511540531	  -4.046946334834	  -0.947731454034
Au	   0.103897538751	  -1.267402284040	  -0.152880007443
Energy    = -823.117175001652 (-823.117175001652 :    0.000000000000)
Spin(**2) =    0.000000000000
ZPVE      =    0.001911561065
Normal mode eigenvalues : nmode = 12
 -0.000138020   0.000000274   0.000001524   0.000005675   0.000024484
  0.000073588   0.000148195   0.000169170   0.000348802   0.000931783
  0.001004397   0.001559369
CONNECTION : 0 - 0

# Geometry of TS 46, SYMMETRY = C1  
Ag	   1.004586333288	   2.330759704688	  -0.169725996443
Au	  -0.753649080281	   3.992231756570	   1.065360458634
Au	  -1.200139811251	   1.258943446174	   0.880439606046
Au	   1.479520826808	  -3.205904409800	   0.196038538675
Au	  -0.213598015149	  -0.978206121383	  -0.016092774455
Au	   0.203298829574	  -2.861573865980	  -2.051168203453
Energy    = -823.141157837372 (-823.141157837372 :    0.000000000000)
Spin(**2) =   -0.000000000000
ZPVE      =    0.002029919426
Normal mode eigenvalues : nmode = 12
 -0.000021842   0.000000306   0.000003450   0.000019268   0.000026862
  0.000144777   0.000166536   0.000279850   0.000455510   0.000896217
  0.001114579   0.001226571
CONNECTION : 0 - 11

# Geometry of TS 47, SYMMETRY = Cs  
Ag	  -0.226117123893	   4.577901072390	   0.286131783082
Au	  -0.791888521750	   2.058299773185	   1.244411233816
Au	   0.670418238297	   2.309963863114	  -0.991300570342
Au	   0.476311306189	  -5.389982740050	  -0.390322715515
Au	   0.100839990062	  -0.201833985635	  -0.035035398586
Au	   0.290455194089	  -2.818097472751	  -0.209032703452
Energy    = -823.125574346471 (-823.125574346471 :    0.000000000000)
Spin(**2) =   -0.000000000000
ZPVE      =    0.001983695215
Normal mode eigenvalues : nmode = 12
 -0.000000308   0.000000741   0.000006956   0.000009316   0.000021235
  0.000113645   0.000196872   0.000258233   0.000464117   0.000826001
  0.000961142   0.001309215
CONNECTION : 13 - 13

# Geometry of TS 48, SYMMETRY = C1  
Ag	   3.694827232804	  -1.249232928627	  -1.761255125570
Au	  -1.756233212815	   3.659659898800	   0.455129733758
Au	  -1.290254300080	   1.139052604098	   0.442800316812
Au	   0.163280059069	  -0.795034309432	   1.748409295611
Au	  -1.487212471542	  -1.513001972746	  -0.256764899697
Au	   1.306051102233	  -1.163324221701	  -0.741239733842
Energy    = -823.135505707602 (-823.135505707602 :    0.000000000000)
Spin(**2) =   -0.000000000000
ZPVE      =    0.002074676733
Normal mode eigenvalues : nmode = 12
 -0.000008741   0.000002721   0.000015146   0.000020326   0.000033444
  0.000147443   0.000208319   0.000305881   0.000326908   0.000745096
  0.001237030   0.001347723
CONNECTION : 7 - 8

# Geometry of TS 49, SYMMETRY = Cs  
Ag	   2.087559323631	  -0.435633596343	  -2.686497598415
Au	  -1.826674511401	   2.938275123115	  -0.687013680166
Au	  -0.590520961357	   0.818239083223	   0.067868952117
Au	   0.770420834089	  -0.267589153242	   2.331589589505
Au	  -1.093397245912	  -1.755974270332	   1.196885686790
Au	   1.283070970610	  -1.219198116025	  -0.335753362759
Energy    = -823.137041161679 (-823.137041161679 :    0.000000000000)
Spin(**2) =   -0.000000000000
ZPVE      =    0.002005968084
Normal mode eigenvalues : nmode = 12
 -0.000019726   0.000003537   0.000008759   0.000009112   0.000067950
  0.000137984   0.000153826   0.000185283   0.000331078   0.000849526
  0.001152991   0.001305366
CONNECTION : 0 - 8

# Geometry of TS 50, SYMMETRY = C2v 
Ag	   3.720758906150	  -3.053791566713	  -1.669669732282
Au	  -3.480601528150	   3.051806217588	   1.617690173169
Au	  -1.629218378879	   1.482668138385	   0.772751366189
Au	   1.001071105095	   0.996669177889	   0.189110841734
Au	  -0.823449169809	  -0.941444665643	  -0.211977906589
Au	   1.841897475259	  -1.457788231110	  -0.810825155153
Energy    = -823.140388914017 (-823.140388914017 :    0.000000000000)
Spin(**2) =   -0.000000000000
ZPVE      =    0.002109001353
Normal mode eigenvalues : nmode = 12
 -0.000002864   0.000002211   0.000013173   0.000025064   0.000043996
  0.000126095   0.000202820   0.000348883   0.000424444   0.000747026
  0.001216936   0.001322450
CONNECTION : 7 - 7

# Geometry of TS 51, SYMMETRY = Cs  
Ag	   0.233564801340	   3.100269533061	  -0.378230480511
Au	  -1.490677183195	   0.981119756079	  -0.048983684079
Au	   0.843794232012	   0.939432726999	   1.212800520958
Au	   0.206642322255	  -1.340272385156	  -0.474241796233
Au	  -1.074630581875	  -1.076663945037	   1.904354643360
Au	   1.387936880573	  -1.934206132176	  -2.678705524372
Energy    = -823.141858309151 (-823.141858309151 :    0.000000000000)
Spin(**2) =   -0.000000000000
ZPVE      =    0.002130595715
Normal mode eigenvalues : nmode = 12
 -0.000012373   0.000007271   0.000019884   0.000056327   0.000095624
  0.000167206   0.000197060   0.000238446   0.000408703   0.000712856
  0.001017505   0.001315430
CONNECTION : 5 - 5

# Geometry of TS 52, SYMMETRY = C1  
Ag	   2.849561523362	   3.168813632661	   0.201151679464
Au	   0.591165218319	   3.080209518767	  -1.099277634291
Au	  -0.462573257266	   0.871756378422	   0.022074949535
Au	  -0.822140709334	  -3.913099623075	   0.455804288185
Au	  -1.826667745047	  -1.276262333757	   0.908998651894
Au	   0.410664823024	  -1.725603159640	  -0.489914397505
Energy    = -823.130456263835 (-823.130456263835 :    0.000000000000)
Spin(**2) =   -0.000000000000
ZPVE      =    0.001977917005
Normal mode eigenvalues : nmode = 12
 -0.000010208   0.000000799   0.000005335   0.000008850   0.000048222
  0.000115606   0.000182935   0.000232314   0.000482801   0.000852964
  0.001043677   0.001073827
CONNECTION : 14 - 0

# Geometry of TS 53, SYMMETRY = C1  
Ag	   2.816754886840	   4.343232409779	  -0.042887772625
Au	   1.267034325130	   2.433717824274	  -0.924054032158
Au	  -0.445991373088	   0.721323118603	   0.221668666016
Au	  -1.171508753847	  -4.021383385338	   0.295180562861
Au	  -2.124391158810	  -1.397681375308	   0.602790945478
Au	   0.398111926830	  -1.873394178629	  -0.153860832294
Energy    = -823.131057898481 (-823.131057898481 :    0.000000000000)
Spin(**2) =   -0.000000000000
ZPVE      =    0.001990550251
Normal mode eigenvalues : nmode = 12
 -0.000004397   0.000001396   0.000003029   0.000013793   0.000041948
  0.000140047   0.000207644   0.000238636   0.000477906   0.000820111
  0.000962929   0.001131659
CONNECTION : 14 - 5

# Geometry of TS 54, SYMMETRY = Cs  
Ag	  -0.155508222035	   1.700435259958	  -1.842555498598
Au	  -0.624999676270	   1.780401719222	   0.823569916209
Au	   1.162186864826	  -0.351055578787	   2.199387915741
Au	   0.299060559180	  -0.655181505653	  -0.419581316451
Au	  -1.326844004798	  -1.084908977102	   1.786743144507
Au	   0.752734950216	  -0.720011363873	  -3.010570482295
Energy    = -823.152868027802 (-823.152868027802 :    0.000000000000)
Spin(**2) =   -0.000000000000
ZPVE      =    0.002144666852
Normal mode eigenvalues : nmode = 12
 -0.000131116   0.000005778   0.000032442   0.000033943   0.000122133
  0.000151573   0.000241980   0.000249505   0.000464049   0.000833418
  0.000848845   0.001221414
CONNECTION : 0 - 0

# Geometry of TS 55, SYMMETRY = Cs  
Ag	  -0.838576142199	   2.658103208226	   0.444352266401
Au	   0.001839413600	   0.847896184984	  -1.366027047800
Au	   1.014976871590	   0.644660068563	   1.422477469762
Au	   0.554521382695	  -1.888088723907	   0.358587023938
Au	  -1.489717437338	  -0.115611344583	   1.019576632882
Au	   0.863586382774	  -1.477279839517	  -2.341972666068
Energy    = -823.147538601019 (-823.147538601019 :    0.000000000000)
Spin(**2) =   -0.000000000000
ZPVE      =    0.002120733867
Normal mode eigenvalues : nmode = 12
 -0.000099344   0.000010669   0.000015233   0.000063577   0.000146992
  0.000194735   0.000201628   0.000339006   0.000400015   0.000602115
  0.000900888   0.001069565
CONNECTION : 5 - 5

# Geometry of TS 56, SYMMETRY = C1  
Ag	   0.466866047245	   4.321860811275	   0.475900211581
Au	  -1.294947130552	   2.224361735942	   0.981814122642
Au	   0.880296628216	   1.803644384481	  -0.492158082114
Au	   1.183215606337	  -4.953940813907	  -0.623076919183
Au	  -0.952235910029	  -0.249037330898	  -0.233063199707
Au	   0.170715465606	  -2.634436753331	  -0.103451740691
Energy    = -823.125103243170 (-823.125103243170 :    0.000000000000)
Spin(**2) =   -0.000000000000
ZPVE      =    0.002010584489
Normal mode eigenvalues : nmode = 12
 -0.000004401   0.000001800   0.000010952   0.000019045   0.000026253
  0.000157161   0.000202842   0.000213706   0.000460662   0.000790069
  0.000996522   0.001225702
CONNECTION : 5 - 13

# Geometry of TS 57, SYMMETRY = Cs  
Ag	   2.466050350735	   4.912409695123	  -0.169401657914
Au	   1.042169200947	   2.849282683325	  -0.907122691699
Au	   0.274265164445	   0.430966602010	  -0.053222175188
Au	  -1.621601016813	  -3.941966466310	   0.523747136891
Au	  -1.775418205480	  -1.206350046554	   0.748284078158
Au	   0.382360095924	  -2.290595946142	  -0.379053548614
Energy    = -823.131001219526 (-823.131001219526 :    0.000000000000)
Spin(**2) =   -0.000000000000
ZPVE      =    0.001980769459
Normal mode eigenvalues : nmode = 12
 -0.000001364   0.000002105   0.000004060   0.000010919   0.000040490
  0.000147040   0.000169851   0.000235441   0.000445525   0.000833106
  0.000989720   0.001160922
CONNECTION : 14 - 14

# Geometry of TS 58, SYMMETRY = Cs  
Ag	  -0.567714622982	   3.439862139242	   0.965576310507
Au	  -0.526258600380	   0.722475099360	   0.976614727403
Au	   0.799324839437	   2.734796045566	  -1.274270314034
Au	  -0.036523979628	  -4.525396804635	   0.324395823088
Au	   0.863239836055	   0.049610582384	  -1.300644913792
Au	  -0.078156765670	  -1.908895028359	   0.314292759362
Energy    = -823.128568814917 (-823.128568814917 :    0.000000000000)
Spin(**2) =    0.979639437583
ZPVE      =    0.001985533591
Normal mode eigenvalues : nmode = 12
 -0.000157917   0.000004805   0.000005167   0.000007143   0.000021651
  0.000151959   0.000209607   0.000440129   0.000518599   0.000654787
  0.000803496   0.001106448
CONNECTION : 5 - 0

# Geometry of TS 59, SYMMETRY = Cs  
Ag	   1.836102940412	   2.776004556786	  -1.818353786315
Au	   0.586636239428	   1.152295610281	  -0.220929609169
Au	  -0.649305264710	   0.616054727241	   2.350376314538
Au	   0.042364555416	  -1.808048899296	  -1.627718727015
Au	  -1.712679577583	  -0.544895914796	   0.061228016086
Au	   0.664706696808	  -1.437663558756	   1.018628933513
Energy    = -823.138308019539 (-823.138308019539 :    0.000000000000)
Spin(**2) =   -0.000000000000
ZPVE      =    0.002048428192
Normal mode eigenvalues : nmode = 12
 -0.000018568   0.000001354   0.000005820   0.000074604   0.000085142
  0.000202654   0.000218832   0.000240260   0.000280798   0.000713094
  0.000894114   0.001266248
CONNECTION : 15 - 5

# Geometry of TS 60, SYMMETRY = C1  
Ag	   2.938789477669	   2.870008869785	  -0.686295004514
Au	   0.400665647707	   3.381286927234	  -0.349518946887
Au	  -0.777054514868	   0.997413385275	   0.017329924172
Au	  -0.443999798665	  -3.770124211707	   0.373970285141
Au	  -2.012691519712	  -1.354226800636	   0.392238143241
Au	   0.662116297621	  -1.370611648513	   0.015506740480
Energy    = -823.130405844322 (-823.130405844322 :    0.000000000000)
Spin(**2) =   -0.000000000000
ZPVE      =    0.001986261065
Normal mode eigenvalues : nmode = 12
 -0.000007664   0.000000338   0.000004074   0.000010863   0.000045547
  0.000107699   0.000175997   0.000281970   0.000494188   0.000852118
  0.001045614   0.001073857
CONNECTION : 0 - 14

# Geometry of TS 61, SYMMETRY = Cs  
Ag	  -0.186949854580	   1.707283682468	   1.406675192267
Au	  -0.972377643401	   4.260740754716	   0.667977400285
Au	  -0.688735926719	   2.341477394023	  -1.206114694621
Au	   1.489108330342	  -4.894859518469	   0.497827957205
Au	   0.061457076777	  -0.169186073020	  -0.643553429351
Au	   0.751408724416	  -2.733004206154	  -0.716848033276
Energy    = -823.145975272330 (-823.145975272330 :    0.000000000000)
Spin(**2) =   -0.000000000000
ZPVE      =    0.002079990665
Normal mode eigenvalues : nmode = 12
 -0.000006524   0.000001644   0.000004827   0.000018795   0.000026164
  0.000117953   0.000245978   0.000416845   0.000476940   0.000886154
  0.000968331   0.001224702
CONNECTION : 0 - 0

# Geometry of TS 62, SYMMETRY = Cs  
Ag	   0.922586235624	   4.303884076948	  -1.063352202635
Au	   1.747397720738	   2.022034792242	  -0.098801934806
Au	   2.738820845505	  -0.352259538017	   0.947255348746
Au	  -1.210026316005	  -2.480383401016	   0.327821709279
Au	  -3.669463356057	  -2.451840137780	  -0.472484215690
Au	   0.238510459948	  -0.287689270943	   0.122792436740
Energy    = -823.126281942928 (-823.126281942928 :    0.000000000000)
Spin(**2) =   -0.000000000000
ZPVE      =    0.001985534291
Normal mode eigenvalues : nmode = 12
 -0.000001367   0.000006268   0.000009111   0.000009509   0.000018910
  0.000027632   0.000198056   0.000269914   0.000521052   0.000894711
  0.001042087   0.001282583
CONNECTION : 6 - 5

# Geometry of TS 63, SYMMETRY = C1  
Ag	   0.321965754388	   4.713169363932	  -0.499894380261
Au	  -1.060934465036	   1.909369222279	   1.564227628030
Au	   0.481092988889	   2.097791600011	  -0.649866400381
Au	   1.055328214072	  -4.791766340404	  -1.222133464975
Au	  -0.271083433462	  -0.399525551268	   0.521156300064
Au	  -0.072458352032	  -3.016586260985	   0.292474710052
Energy    = -823.121124392562 (-823.121124392562 :    0.000000000000)
Spin(**2) =    0.000000000000
ZPVE      =    0.001879582082
Normal mode eigenvalues : nmode = 12
 -0.000025044   0.000000423   0.000001102   0.000006726   0.000014561
  0.000021418   0.000117369   0.000303061   0.000501654   0.000890577
  0.001031820   0.001235987
CONNECTION : 5 - 13

# Geometry of TS 64, SYMMETRY = Cs  
Ag	   1.799385162331	   2.642304561980	  -1.849959667828
Au	   0.545819865370	   1.123196289902	  -0.148008478257
Au	  -0.655851369446	   0.622392273427	   2.374406990408
Au	   0.211212609737	  -1.402860527597	  -1.672514010362
Au	  -1.757161369171	  -0.628529173438	   0.119316509853
Au	   0.605455274665	  -1.514915923742	   1.069183355432
Energy    = -823.138514081814 (-823.138514081814 :    0.000000000000)
Spin(**2) =   -0.000000000000
ZPVE      =    0.002055033246
Normal mode eigenvalues : nmode = 12
 -0.000008654   0.000004438   0.000030445   0.000059836   0.000121152
  0.000154701   0.000183168   0.000222121   0.000322303   0.000628737
  0.000893704   0.001247228
CONNECTION : 15 - 5

# Geometry of TS 65, SYMMETRY = Cs  
Ag	   1.808533050626	   3.054546045038	  -1.488749222228
Au	   0.816120779816	   0.665367199156	  -1.232640641124
Au	  -0.922988202449	   0.352114764505	   2.739151308519
Au	  -0.115425049831	  -1.998104715718	  -1.374385023270
Au	  -1.596365134244	  -0.178871782430	   0.143372419532
Au	   0.758984729561	  -1.053464010016	   1.105675857823
Energy    = -823.140324483119 (-823.140324483119 :    0.000000000000)
Spin(**2) =   -0.000000000000
ZPVE      =    0.002113696408
Normal mode eigenvalues : nmode = 12
 -0.000025097   0.000007931   0.000015485   0.000052913   0.000126816
  0.000179504   0.000229101   0.000256881   0.000319993   0.000734478
  0.000915250   0.001253090
CONNECTION : 5 - 5

# Geometry of TS 66, SYMMETRY = Cs  
Ag	   0.828794461386	   3.471643315684	   0.644035945015
Au	  -1.806573797534	   3.778370467104	   0.587606121069
Au	  -0.706076069917	   1.257740994124	   0.179045751105
Au	   2.190607637434	  -3.172311951566	  -0.496191359514
Au	   0.298219726100	  -1.092232741173	  -0.202175516503
Au	  -0.351061250646	  -3.730758050616	  -0.706356548632
Energy    = -823.144123059581 (-823.144123059581 :    0.000000000000)
Spin(**2) =   -0.000000000000
ZPVE      =    0.002140814855
Normal mode eigenvalues : nmode = 12
 -0.000000523   0.000003056   0.000010957   0.000023379   0.000080933
  0.000115699   0.000215144   0.000339587   0.000420882   0.000878616
  0.001068135   0.001385666
CONNECTION : 11 - 11

# Geometry of TS 67, SYMMETRY = Cs  
Ag	   1.582258019488	   2.852654087236	  -0.436291414270
Au	  -0.198659329034	   1.091852885065	  -1.587258072464
Au	   1.014531789116	   0.635266311441	   0.969088351062
Au	   0.140410074960	  -1.645585092161	  -1.045754500212
Au	  -1.861580530543	  -0.390681401496	   0.127414266910
Au	   0.071900149500	  -1.701919289546	   1.865226068226
Energy    = -823.150670487412 (-823.150670487412 :    0.000000000000)
Spin(**2) =   -0.000000000000
ZPVE      =    0.002116871076
Normal mode eigenvalues : nmode = 12
 -0.000062673   0.000015563   0.000036202   0.000038372   0.000097872
  0.000176852   0.000230620   0.000307756   0.000413345   0.000616011
  0.000931351   0.001090013
CONNECTION : 5 - 5
