List of Equilibrium Structures

# Geometry of EQ 0, SYMMETRY = C2v 
C 	   1.504252330954	   0.643674779605	  -0.046943892937
C 	   3.011859200919	   0.369166346981	   0.073573348148
C 	   3.371111011504	  -1.118892717418	  -0.091245924045
C 	   4.879493676544	  -1.403662894040	   0.028970972342
C 	   5.228626867024	  -2.891374920322	  -0.136715897374
H 	   1.279778891666	   1.709780294200	   0.074730359403
H 	   0.941210877256	   0.093618049885	   0.717710650992
H 	   1.123979348253	   0.331293469700	  -1.027804478427
H 	   3.372206962137	   0.720950942478	   1.051709504746
H 	   3.553809569642	   0.956916972501	  -0.682190480913
H 	   3.012215602252	  -1.472310064230	  -1.070490993302
H 	   2.829385600619	  -1.708555098471	   0.664704366891
H 	   5.236506505215	  -1.049363501315	   1.007424596672
H 	   5.419329692275	  -0.813375938035	  -0.726338610450
H 	   4.727614079348	  -3.500982126126	   0.625933576397
H 	   6.307639481384	  -3.062544372439	  -0.045968151187
H 	   4.912100303009	  -3.263339222956	  -1.119428946957
Energy    = -197.725038480297
Spin(**2) =    0.000000000000
ZPVE      =    0.162268867697
Normal mode eigenvalues : nmode = 45
  0.000440897   0.000457730   0.001252348   0.002193649   0.002301168
  0.006138398   0.006195368   0.021604541   0.023769198   0.029918952
  0.030418851   0.033490974   0.039685810   0.042434204   0.042501868
  0.045633437   0.053192200   0.058419198   0.063658052   0.067557758
  0.068933052   0.069209102   0.074499205   0.075734359   0.080513973
  0.080695791   0.088983736   0.089310622   0.090117844   0.090268511
  0.090342542   0.091027219   0.092101396   0.342078898   0.344259449
  0.346065857   0.347632937   0.348444459   0.348694114   0.351746668
  0.356451316   0.365268407   0.365802372   0.366451291   0.366525539

# Geometry of EQ 1, SYMMETRY = C1  
C 	   1.637234961222	   0.594944737561	  -0.247021907702
C 	   3.073323459406	   0.050771555529	  -0.321640107490
C 	   3.313140384225	  -1.134144170959	   0.633718524479
C 	   4.759149324200	  -1.673034586730	   0.636180137022
C 	   5.191297496231	  -2.327066158912	  -0.687685321441
H 	   1.491658593622	   1.438166557732	  -0.932282137338
H 	   1.399250212051	   0.941736913615	   0.766600009895
H 	   0.907792117087	  -0.181081636536	  -0.511734906973
H 	   3.784157667425	   0.855350937632	  -0.080088502906
H 	   3.291396649544	  -0.253043324259	  -1.354616762321
H 	   2.622629911228	  -1.952343460056	   0.375468131137
H 	   3.048690592891	  -0.820211642481	   1.654685837973
H 	   4.859730847373	  -2.408991389435	   1.446405366262
H 	   5.448642060239	  -0.851308660971	   0.881427165756
H 	   4.518069052657	  -3.151919076870	  -0.954712191437
H 	   6.206047206666	  -2.735365441459	  -0.612590877053
H 	   5.184901734798	  -1.610188097699	  -1.516703920809
Energy    = -197.723703890400
Spin(**2) =    0.000000000000
ZPVE      =    0.162422909833
Normal mode eigenvalues : nmode = 45
  0.000254861   0.000590442   0.001702258   0.002196249   0.003132163
  0.004273619   0.008671041   0.021839171   0.023635502   0.027998657
  0.030448714   0.032833723   0.039844612   0.041633826   0.042566242
  0.046138402   0.053136755   0.056745951   0.063670698   0.066380736
  0.069348925   0.071463231   0.074424479   0.076696600   0.080432403
  0.080743780   0.088716891   0.089449532   0.089939397   0.090283207
  0.090555166   0.091175442   0.091706642   0.342412328   0.344940617
  0.345979130   0.348480797   0.349177917   0.350602537   0.353597403
  0.356801125   0.365525297   0.365812516   0.366458204   0.367934760

# Geometry of EQ 2, SYMMETRY = C2  
C 	   2.464548275491	   0.830630244767	  -0.054174848231
C 	   2.445397447710	  -0.588123782830	  -0.648181547826
C 	   2.968714897609	  -1.679760390785	   0.310701432647
C 	   4.450636549502	  -1.547213646167	   0.724637304253
C 	   5.442596156258	  -1.675491387518	  -0.443965176928
H 	   2.025992633044	   1.555241211519	  -0.750361909623
H 	   3.484557039432	   1.164336640572	   0.169414952130
H 	   1.888628628973	   0.872904613779	   0.879344927125
H 	   3.026374396613	  -0.603020721531	  -1.580849952635
H 	   1.414240277913	  -0.842890577244	  -0.931374268452
H 	   2.822976318527	  -2.663743876270	  -0.160028775097
H 	   2.346254175688	  -1.676749377156	   1.218218222233
H 	   4.672253492521	  -2.325809801312	   1.468319182558
H 	   4.609163129918	  -0.587821533152	   1.236563323542
H 	   5.305737898780	  -2.628087206453	  -0.971951421426
H 	   6.478666955853	  -1.637043730527	  -0.087386786957
H 	   5.315882618230	  -0.869015567417	  -1.175608995112
Energy    = -197.722511187918
Spin(**2) =    0.000000000000
ZPVE      =    0.162609223664
Normal mode eigenvalues : nmode = 45
  0.000138681   0.000850812   0.001838677   0.002822082   0.002862646
  0.005757524   0.008830829   0.021421802   0.023017677   0.028175965
  0.029496477   0.032492699   0.039292290   0.041410880   0.041789975
  0.047794568   0.053297725   0.054439379   0.063488130   0.064954745
  0.069291470   0.073450221   0.076042344   0.076331646   0.080435271
  0.080528759   0.088640866   0.089474399   0.089517333   0.090637688
  0.090667195   0.091139850   0.092130469   0.343007597   0.346448884
  0.347907733   0.349092477   0.349637307   0.351862133   0.354799152
  0.356519136   0.365693327   0.365808597   0.367067485   0.367710569

# Geometry of EQ 3, SYMMETRY = C1  
C 	   2.218861859798	   0.185472977841	  -0.806138841635
C 	   2.777151776079	   0.209234174940	   0.626736806993
C 	   3.518399044074	  -1.069830012551	   1.075568173480
C 	   4.811938035304	  -1.407458897092	   0.290177599777
C 	   4.609886986381	  -2.343087578831	  -0.916038167433
H 	   3.019092695875	   0.137075043238	  -1.552889049588
H 	   1.633015940992	   1.089659144619	  -1.011019265964
H 	   1.562247618183	  -0.680108545666	  -0.960872728893
H 	   1.948084530489	   0.389150311889	   1.326488182285
H 	   3.458041919080	   1.066989166952	   0.734661701508
H 	   2.829514372237	  -1.927095280166	   1.024883889183
H 	   3.771868391285	  -0.947590879633	   2.138172645026
H 	   5.528079597542	  -1.883779323198	   0.974352184300
H 	   5.288792959545	  -0.472652810446	  -0.040750258358
H 	   4.182598116373	  -3.301457793415	  -0.594468634707
H 	   5.563897276720	  -2.554664737284	  -1.414186772138
H 	   3.932696294287	  -1.913409135222	  -1.661237972057
Energy    = -197.719663023489
Spin(**2) =    0.000000000000
ZPVE      =    0.162535282891
Normal mode eigenvalues : nmode = 45
  0.000172336   0.000607312   0.001770045   0.002595700   0.003432124
  0.004963789   0.008059998   0.021897235   0.023401106   0.026992070
  0.030777520   0.031490349   0.040610959   0.041571737   0.042212096
  0.048685744   0.051977349   0.055754573   0.063190572   0.066528849
  0.068409218   0.073754325   0.074988482   0.076698605   0.080308862
  0.080788950   0.088926221   0.089111988   0.089669672   0.090310989
  0.090709928   0.091470545   0.091744222   0.343369634   0.344555201
  0.345106651   0.349225337   0.349912088   0.351849791   0.354235444
  0.354632067   0.365156960   0.365473237   0.368062118   0.371245131
