List of Transition Structures

# Geometry of TS 0, SYMMETRY = C1  
C 	   1.542934935000	   0.604717003024	  -0.196557288340
C 	   3.040801214513	   0.276274354252	  -0.101793932866
C 	   3.317899951838	  -1.167519846359	   0.361172362250
C 	   4.831511663254	  -1.515939563702	   0.438591529459
C 	   5.243357769481	  -2.663980634056	  -0.499082123332
H 	   1.378438792559	   1.637145628319	  -0.526514020193
H 	   1.050317693118	   0.481751535578	   0.776441581118
H 	   1.038256191407	  -0.059298002698	  -0.909892123108
H 	   3.528332260395	   0.976218961279	   0.592843789506
H 	   3.516318262331	   0.435898690138	  -1.081148477394
H 	   2.816518260597	  -1.861353303775	  -0.330215927217
H 	   2.842170534748	  -1.322562980882	   1.340043400476
H 	   5.104332116928	  -1.778767628778	   1.469422883026
H 	   5.422277154145	  -0.622498496059	   0.190170687349
H 	   4.706906324923	  -3.587899077024	  -0.249071250848
H 	   6.317971105694	  -2.872211103470	  -0.433035509497
H 	   5.012775769069	  -2.418975535779	  -1.543745580388
Energy    = -197.720121791241
Spin(**2) =    0.000000000000
ZPVE      =    0.162251499439
Normal mode eigenvalues : nmode = 45
 -0.000501154   0.000452565   0.001738571   0.002139947   0.003090182
  0.005228041   0.007289321   0.021204385   0.023734744   0.029125231
  0.030511515   0.032955221   0.041329411   0.042171456   0.043926801
  0.045670234   0.053549421   0.055648483   0.063899750   0.066507376
  0.069546879   0.070018755   0.074291473   0.075315125   0.080457973
  0.080616744   0.089239830   0.089774905   0.090240619   0.090261996
  0.090493777   0.091367478   0.091818284   0.343786140   0.345553787
  0.347175415   0.348251636   0.348537899   0.349736479   0.354262293
  0.357021436   0.365251166   0.365752736   0.366159032   0.366433989
CONNECTION : 1 - 0

# Geometry of TS 1, SYMMETRY = C1  
C 	   1.871573425949	   0.786569453480	  -0.028483696047
C 	   2.745344711625	  -0.327993070580	  -0.630173386271
C 	   3.121654877308	  -1.432504744762	   0.399453942514
C 	   4.636531875746	  -1.553599863100	   0.672102583051
C 	   5.435822946283	  -2.103440019617	  -0.521292718975
H 	   1.636910601483	   1.559259564851	  -0.770454272309
H 	   2.381018135276	   1.273463904878	   0.812983695188
H 	   0.922837776729	   0.382942431676	   0.347063286737
H 	   3.661512747126	   0.121161569680	  -1.039000083434
H 	   2.221322988372	  -0.771200326372	  -1.487314077495
H 	   2.746967327994	  -2.409111020182	   0.060716428309
H 	   2.608802779351	  -1.225378786861	   1.349512237571
H 	   4.793954570126	  -2.208746459893	   1.540737736132
H 	   5.029799374289	  -0.565786143274	   0.956194544224
H 	   5.090167774677	  -3.109713702222	  -0.791635185147
H 	   6.505236062489	  -2.167612780916	  -0.287594935214
H 	   5.327654296041	  -1.466036951076	  -1.407407561791
Energy    = -197.719054439899
Spin(**2) =    0.000000000000
ZPVE      =    0.162383880473
Normal mode eigenvalues : nmode = 45
 -0.000415888   0.000652799   0.001757322   0.002427572   0.003521055
  0.005480559   0.007463812   0.022258445   0.024057876   0.027675247
  0.029745477   0.032942555   0.039964408   0.042533786   0.043408437
  0.046678627   0.052172810   0.055482718   0.063487639   0.065649615
  0.068358255   0.072777313   0.073893417   0.076258609   0.080413735
  0.080705238   0.089004784   0.089416472   0.090330704   0.090409041
  0.090849315   0.091152637   0.091427056   0.344565898   0.345349404
  0.347658824   0.348220861   0.348784431   0.353310067   0.353742314
  0.356838822   0.365274665   0.365784192   0.366010299   0.366524998
CONNECTION : 2 - 1

# Geometry of TS 2, SYMMETRY = Cs  
C 	   1.495163423088	   0.652050896042	  -0.010125376360
C 	   3.004395714464	   0.348926637682	   0.182389271711
C 	   3.379447323541	  -1.113070860437	  -0.128501530924
C 	   4.876222895901	  -1.416815132132	   0.060654864871
C 	   5.240563623680	  -2.877572917841	  -0.250026627726
H 	   1.327298267374	   1.427389603825	  -0.766061057421
H 	   1.025526187492	   0.994846853228	   0.918687305168
H 	   0.951065741843	  -0.242510701273	  -0.337256811461
H 	   3.304874863961	   0.577416738079	   1.214684003456
H 	   3.605148408307	   1.010231800110	  -0.457842427993
H 	   3.088655046978	  -1.348352825785	  -1.164143621835
H 	   2.788302533251	  -1.782487770181	   0.515644469192
H 	   5.164774062761	  -1.178415179370	   1.095308038576
H 	   5.464638223278	  -0.746476608531	  -0.583560936397
H 	   4.690870175494	  -3.567980222065	   0.402344210046
H 	   6.311559983828	  -3.062871588591	  -0.106493395142
H 	   4.992613524768	  -3.133308722766	  -1.288070377765
Energy    = -197.720488043852
Spin(**2) =    0.000000000000
ZPVE      =    0.161973642328
Normal mode eigenvalues : nmode = 45
 -0.002086314   0.000472335   0.000555368   0.001273861   0.002276942
  0.006139361   0.006605344   0.021519855   0.024350216   0.031118115
  0.032469123   0.033778708   0.040515254   0.041629977   0.042737192
  0.046538889   0.052572024   0.056622863   0.062410542   0.067067947
  0.068671900   0.069416119   0.074061256   0.075638902   0.080569803
  0.081738065   0.089023138   0.089499253   0.090301898   0.090392992
  0.090730115   0.091432595   0.092369314   0.342218017   0.344638275
  0.347263512   0.347949533   0.348411824   0.350847370   0.352402383
  0.357441298   0.365388690   0.366214848   0.366319247   0.368371488
CONNECTION : 0 - 0

# Geometry of TS 3, SYMMETRY = C1  
C 	   2.193747843012	   0.347524515358	  -0.739805570916
C 	   2.748975710453	   0.217430385080	   0.688395618245
C 	   3.461626066181	  -1.125658755946	   0.957182958600
C 	   4.778148077556	  -1.323339735670	   0.151004754463
C 	   4.748544799025	  -2.538376059782	  -0.792376418717
H 	   2.988194891696	   0.261412805500	  -1.491078388245
H 	   1.702347592264	   1.316358810172	  -0.888334868275
H 	   1.455179189268	  -0.437982710537	  -0.944828172221
H 	   1.924421523966	   0.335458513047	   1.405798138097
H 	   3.449743840739	   1.041929970882	   0.887429385061
H 	   2.764168272885	  -1.944956814840	   0.726251444778
H 	   3.671754451462	  -1.202505071043	   2.032518958903
H 	   5.623358672608	  -1.430573067099	   0.844221805800
H 	   4.987744681261	  -0.418584743810	  -0.437195045760
H 	   4.581019659267	  -3.466887140849	  -0.232029402088
H 	   5.692098274204	  -2.644716076048	  -1.341188681543
H 	   3.940046454147	  -2.445534824421	  -1.528336516180
Energy    = -197.718990768937
Spin(**2) =    0.000000000000
ZPVE      =    0.162428085301
Normal mode eigenvalues : nmode = 45
 -0.000278171   0.000771880   0.001805635   0.002541761   0.003437746
  0.005359393   0.007611944   0.021803661   0.023417651   0.027774827
  0.030909632   0.031966987   0.041155500   0.041474780   0.043350177
  0.047639717   0.052895588   0.054371723   0.063521116   0.065788675
  0.068011503   0.072915757   0.074116767   0.076043490   0.080466586
  0.080533597   0.089334286   0.089550906   0.089752319   0.090340030
  0.090932423   0.091212003   0.091909585   0.344883469   0.345267243
  0.347317230   0.348389417   0.348983710   0.352697914   0.354487371
  0.356971784   0.365561297   0.365780325   0.366164383   0.366821174
CONNECTION : 1 - 3

# Geometry of TS 4, SYMMETRY = Cs  
C 	   2.058816424931	   0.050354079222	  -0.787673155270
C 	   2.841034334853	   0.227434166969	   0.526184175974
C 	   3.528691138494	  -1.040762979175	   1.084824660336
C 	   4.846378409685	  -1.480393400945	   0.404018387830
C 	   4.702365415341	  -2.196451546276	  -0.950939821417
H 	   2.714618246936	  -0.172736845202	  -1.634765063821
H 	   1.503231307919	   0.963484847951	  -1.033924794687
H 	   1.332835420052	  -0.768400093252	  -0.703335251937
H 	   2.142156400721	   0.596145869512	   1.291106338123
H 	   3.596528464729	   1.017862005651	   0.401801098133
H 	   2.814113384535	  -1.878617393749	   1.068647562956
H 	   3.752203561278	  -0.854356027739	   2.145381128765
H 	   5.371420615433	  -2.158051752363	   1.092933898722
H 	   5.499113712512	  -0.601914232447	   0.289098621531
H 	   4.013668945195	  -3.047366201556	  -0.872528633756
H 	   5.671331276636	  -2.582905302982	  -1.289873284120
H 	   4.322612940756	  -1.532325193621	  -1.733325867357
Energy    = -197.719440374422
Spin(**2) =    0.000000000000
ZPVE      =    0.162339451891
Normal mode eigenvalues : nmode = 45
 -0.000109398   0.000565305   0.001722878   0.002502706   0.004094044
  0.004224980   0.008118986   0.021677335   0.023292792   0.026496956
  0.030787402   0.031309996   0.040413564   0.041727449   0.041809985
  0.049120142   0.051741435   0.056013839   0.062995246   0.067306302
  0.068817609   0.073769566   0.075918846   0.076848815   0.080215567
  0.081039957   0.088557016   0.088847320   0.089615557   0.090021237
  0.090360018   0.091044453   0.092237176   0.342351135   0.344284713
  0.344346761   0.349500454   0.350190229   0.351858092   0.352786277
  0.354180509   0.364850368   0.365367239   0.369550718   0.373184370
CONNECTION : 3 - 3

# Geometry of TS 5, SYMMETRY = C1  
C 	   1.571705833756	   0.496967091594	  -0.245553170542
C 	   3.038960533664	   0.043023645664	  -0.312556455942
C 	   3.360591407137	  -1.098242918432	   0.670763444872
C 	   4.825440934730	  -1.581688125516	   0.612740702091
C 	   5.197164166760	  -2.322401405438	  -0.699904169257
H 	   1.372246164792	   1.314827263658	  -0.947818353031
H 	   1.313664987689	   0.849601244518	   0.761147343898
H 	   0.892210978035	  -0.328885287359	  -0.491786965485
H 	   3.698799118315	   0.896386716964	  -0.095482115882
H 	   3.275275352879	  -0.273810632614	  -1.338300601289
H 	   2.690333078721	  -1.949272121601	   0.472837560391
H 	   3.132682874350	  -0.757892455817	   1.691999144501
H 	   5.010668616396	  -2.241139046772	   1.470739382084
H 	   5.485022452341	  -0.713670813565	   0.753598600849
H 	   4.350655106992	  -2.352566463807	  -1.396509349905
H 	   5.492459400631	  -3.359857137547	  -0.506651879759
H 	   6.029231263683	  -1.839106498225	  -1.223854580538
Energy    = -197.719434642763
Spin(**2) =    0.000000000000
ZPVE      =    0.162134067236
Normal mode eigenvalues : nmode = 45
 -0.001873595   0.000323201   0.000913010   0.002213361   0.002356125
  0.004457726   0.008936251   0.022123277   0.024317675   0.028310280
  0.032288329   0.033571840   0.039930478   0.042090901   0.043191326
  0.046500890   0.052239119   0.055310650   0.062622670   0.064838355
  0.069201198   0.071409294   0.073797919   0.076440149   0.080593003
  0.081836435   0.088831351   0.089870489   0.089938218   0.090306337
  0.090633111   0.091604076   0.091930745   0.342771598   0.345807712
  0.346728387   0.348467681   0.350245494   0.351634373   0.355370419
  0.356675088   0.365446094   0.366388867   0.366727544   0.368405962
CONNECTION : 1 - 1

# Geometry of TS 6, SYMMETRY = C1  
C 	   2.361454638485	   0.815814156536	   0.006255300490
C 	   2.418332700588	  -0.617264037365	  -0.586769819826
C 	   3.031531004627	  -1.668242164749	   0.365492644233
C 	   4.534483673813	  -1.479946152832	   0.665678759624
C 	   5.449040324338	  -1.701018130057	  -0.551306704901
H 	   2.895145310806	   1.541236207905	  -0.617763286234
H 	   2.812813385157	   0.855810005699	   1.004868800232
H 	   1.329040626708	   1.169355419582	   0.105522910773
H 	   2.982040392029	  -0.611486392959	  -1.528736251938
H 	   1.404399835962	  -0.945041531182	  -0.851526451125
H 	   2.882235985514	  -2.670803931912	  -0.062978664804
H 	   2.472637397987	  -1.651120611192	   1.313068170957
H 	   4.822148018207	  -2.183001425551	   1.460263035887
H 	   4.706759386079	  -0.474038188211	   1.074791877804
H 	   5.307405022875	  -2.705266848794	  -0.971126091884
H 	   6.504996232662	  -1.600701766388	  -0.273829693478
H 	   5.248156956224	  -0.975943496259	  -1.348588873618
Energy    = -197.718187496543
Spin(**2) =    0.000000000000
ZPVE      =    0.162295359715
Normal mode eigenvalues : nmode = 45
 -0.001885070   0.000189410   0.001097501   0.002283676   0.002837566
  0.006057788   0.008493088   0.021922648   0.023307510   0.028771515
  0.031116817   0.033755052   0.038920471   0.041833745   0.043205171
  0.047586620   0.052349509   0.053649839   0.061679449   0.063968567
  0.069160989   0.073152056   0.075573096   0.076104464   0.080475701
  0.081778671   0.088888507   0.089327882   0.089926605   0.090510919
  0.090893715   0.091447535   0.092348405   0.343445060   0.346484499
  0.348734478   0.349661654   0.351712340   0.352848960   0.355089384
  0.357715390   0.365777692   0.366821958   0.367279743   0.368564709
CONNECTION : 2 - 2

# Geometry of TS 7, SYMMETRY = Cs  
C 	   1.642041251860	   0.552786108637	  -0.256542326809
C 	   2.916937996722	  -0.274436981159	  -0.491068417771
C 	   3.358677602361	  -1.030390279739	   0.778930165106
C 	   4.648309723257	  -1.910984176451	   0.668773875739
C 	   5.353282514109	  -1.936602347881	  -0.700656608389
H 	   1.338230943602	   1.085914519840	  -1.164979538339
H 	   1.795327498425	   1.298234604128	   0.534254015111
H 	   0.806417176818	  -0.088895977774	   0.050882421961
H 	   3.722359455592	   0.391139876926	  -0.830052042735
H 	   2.740340920461	  -0.986470553563	  -1.308666253916
H 	   2.519342047912	  -1.662106933855	   1.103562280191
H 	   3.496986773962	  -0.290082963114	   1.580024014207
H 	   4.397875458684	  -2.944484622783	   0.943568733258
H 	   5.374463900909	  -1.573727460238	   1.420649257071
H 	   4.700360635119	  -2.327314171232	  -1.489317807971
H 	   6.239077394687	  -2.581454564925	  -0.656677852285
H 	   5.687080976382	  -0.938851021120	  -1.007275377361
Energy    = -197.716100985695
Spin(**2) =    0.000000000000
ZPVE      =    0.162495313819
Normal mode eigenvalues : nmode = 45
 -0.001213956   0.000535485   0.001784449   0.002187639   0.002646573
  0.004460832   0.009907977   0.021158717   0.023310256   0.026624173
  0.030140644   0.032749688   0.040940570   0.042745812   0.043522882
  0.047166003   0.051470337   0.056521494   0.064894799   0.068178119
  0.069740039   0.070539279   0.074092321   0.076408675   0.080501726
  0.080745613   0.088754198   0.089848807   0.090219230   0.090786468
  0.091094163   0.091296763   0.092584795   0.344169453   0.348081545
  0.348329234   0.349590058   0.349804360   0.351101678   0.355862025
  0.358520192   0.365637126   0.366354756   0.366701263   0.369349293
CONNECTION : 1 - 1

# Geometry of TS 8, SYMMETRY = C1  
C 	   1.624099305789	   0.599182089660	  -0.233411516690
C 	   3.083359688159	   0.071996703647	  -0.250349068579
C 	   3.272636462499	  -1.210347535948	   0.585276901325
C 	   4.722073076432	  -1.735743026453	   0.634063600656
C 	   5.257213491469	  -2.240356568413	  -0.717432435601
H 	   1.190873488562	   0.635649569697	  -1.239185552356
H 	   1.560708985686	   1.609427413760	   0.186111424596
H 	   0.977432058230	  -0.045222701927	   0.374848117688
H 	   3.765973141573	   0.843186188393	   0.134023448945
H 	   3.395676886203	  -0.117971514406	  -1.285030049993
H 	   2.614055670887	  -1.999093980785	   0.189101525241
H 	   2.930527712076	  -1.011601917243	   1.611922614824
H 	   4.775829085236	  -2.554099356194	   1.365978402995
H 	   5.380252193764	  -0.940395068360	   1.015139232672
H 	   4.616380905373	  -3.035664407992	  -1.119571582128
H 	   6.269510771918	  -2.648247960147	  -0.612844223960
H 	   5.300509347006	  -1.438424871567	  -1.463232302590
Energy    = -197.719127856745
Spin(**2) =    0.000000000000
ZPVE      =    0.162139508096
Normal mode eigenvalues : nmode = 45
 -0.002112958   0.000306196   0.000614240   0.001713952   0.003140487
  0.004464080   0.008872741   0.021705997   0.023930902   0.029157337
  0.032272572   0.033597196   0.040310181   0.041178766   0.043749390
  0.046032911   0.052744390   0.055484703   0.061881851   0.066000429
  0.069395509   0.071121986   0.074399563   0.076484153   0.080500337
  0.081738788   0.088804663   0.089422442   0.090367598   0.090609179
  0.090757207   0.091200829   0.092247362   0.342642608   0.344837252
  0.347894971   0.349240396   0.350601244   0.351574059   0.353651375
  0.358792983   0.365712987   0.366213478   0.367851239   0.368726368
CONNECTION : 1 - 1

# Geometry of TS 9, SYMMETRY = C1  
C 	   2.043231641345	  -0.001169821590	  -0.801578269432
C 	   2.941644068463	   0.256760370060	   0.439315094084
C 	   3.513348954644	  -1.012513021170	   1.117218206649
C 	   4.802904300813	  -1.580407568702	   0.484306866441
C 	   4.666356692753	  -2.105011249520	  -0.955291868558
H 	   2.407159055525	   0.526723135555	  -1.690354854126
H 	   1.013873817595	   0.331748931278	  -0.625381745313
H 	   1.998275663486	  -1.066178995787	  -1.051887921541
H 	   2.361134498861	   0.813184404246	   1.186864990688
H 	   3.779887198039	   0.914058504623	   0.167301107949
H 	   2.737776929259	  -1.793521375188	   1.137390481973
H 	   3.736505069639	  -0.777645203097	   2.168005429012
H 	   5.169833233851	  -2.396338588439	   1.123981788652
H 	   5.578556150759	  -0.800031717869	   0.511475367429
H 	   3.893077978501	  -2.880915004410	  -1.022839231896
H 	   5.610099279092	  -2.545755661387	  -1.298638170784
H 	   4.400502881615	  -1.306541312634	  -1.656447779450
Energy    = -197.715936896858
Spin(**2) =    0.000000000000
ZPVE      =    0.162326416834
Normal mode eigenvalues : nmode = 45
 -0.001720904   0.000329669   0.000887558   0.002451024   0.003599068
  0.004808004   0.008481458   0.022477468   0.023780145   0.028275016
  0.031366384   0.032382281   0.040143394   0.042187168   0.042715451
  0.049042399   0.050808145   0.054831674   0.062193997   0.065187791
  0.068327174   0.073556633   0.074997072   0.076672500   0.080552021
  0.081787257   0.088874259   0.089199140   0.089886318   0.090185542
  0.090590897   0.092033004   0.092138354   0.343251400   0.344351129
  0.346644977   0.349311079   0.351782917   0.352240923   0.354571844
  0.355596878   0.365061123   0.367255799   0.368981502   0.370005425
CONNECTION : 3 - 3

# Geometry of TS 10, SYMMETRY = C1  
C 	   1.822080730261	  -0.272478491112	  -0.695262257320
C 	   2.983818185601	   0.242131253585	   0.173605837274
C 	   3.583727889321	  -0.814170556002	   1.133048927183
C 	   4.639773150667	  -1.823296959240	   0.562434370303
C 	   4.928505755645	  -1.783622283168	  -0.949628106247
H 	   1.419941812586	   0.525992309162	  -1.330668053295
H 	   1.003292603518	  -0.641316799539	  -0.064052820061
H 	   2.129755863892	  -1.094478994766	  -1.350022301655
H 	   2.610569819883	   1.078510594398	   0.781764409277
H 	   3.769930838276	   0.665973323289	  -0.464983066061
H 	   2.748024468590	  -1.378117536442	   1.571577479305
H 	   4.049596349469	  -0.280678989204	   1.972517361421
H 	   4.332399279607	  -2.844056311652	   0.826504240474
H 	   5.591832779240	  -1.659567790053	   1.085947963834
H 	   4.048229419219	  -2.042271104644	  -1.547147461226
H 	   5.716230511407	  -2.505392189113	  -1.197552880760
H 	   5.276457957051	  -0.796713649509	  -1.274644150716
Energy    = -197.713081216383
Spin(**2) =    0.000000000000
ZPVE      =    0.162595301233
Normal mode eigenvalues : nmode = 45
 -0.001130486   0.000593285   0.001468122   0.002562219   0.003413073
  0.004415705   0.009949644   0.021528330   0.022142340   0.026518771
  0.028977351   0.031989625   0.040790396   0.042185672   0.043315809
  0.049795993   0.051073205   0.054681741   0.064441507   0.067569642
  0.068863967   0.073253877   0.075555193   0.076056354   0.080181382
  0.080975334   0.089124935   0.089341659   0.089681427   0.090936320
  0.091461210   0.091965047   0.092210453   0.344595192   0.347233868
  0.348686990   0.349567373   0.351513967   0.352504906   0.356339442
  0.358057991   0.365365806   0.366506647   0.369326745   0.371718436
CONNECTION : 2 - 3

# Geometry of TS 11, SYMMETRY = C1  
C 	   1.637502179449	   0.595312216224	  -0.246910329557
C 	   3.073481514456	   0.050865071609	  -0.321609453372
C 	   3.313133999766	  -1.134099937758	   0.633729411184
C 	   4.759046043438	  -1.673249356817	   0.636108155298
C 	   5.190994194525	  -2.327378309000	  -0.687774079865
H 	   1.492055995399	   1.438591344268	  -0.932124514665
H 	   1.399621876992	   0.942104683054	   0.766733575132
H 	   0.907905831196	  -0.180566349208	  -0.511622808321
H 	   3.784481298370	   0.855309287412	  -0.080098261280
H 	   3.291431887378	  -0.252982849304	  -1.354601882490
H 	   2.622462132034	  -1.952173124419	   0.375513766640
H 	   3.048798238731	  -0.820123751325	   1.654711589839
H 	   4.859547094221	  -2.409210545845	   1.446338843422
H 	   5.448698889929	  -0.851640584572	   0.881297411281
H 	   4.517612554289	  -3.152127706348	  -0.954734030786
H 	   6.205682065900	  -2.735839857427	  -0.612740652874
H 	   5.184656474792	  -1.610517174839	  -1.516808202537
Energy    = -197.723703892089
Spin(**2) =    0.000000000000
ZPVE      =    0.162422917755
Normal mode eigenvalues : nmode = 45
  0.000254680   0.000590395   0.001702210   0.002195721   0.003132138
  0.004273566   0.008670956   0.021839005   0.023635389   0.027998568
  0.030448579   0.032833601   0.039844561   0.041634081   0.042566085
  0.046138497   0.053136653   0.056745877   0.063670595   0.066380716
  0.069348999   0.071463144   0.074424459   0.076696514   0.080432266
  0.080743555   0.088716800   0.089449460   0.089939324   0.090282909
  0.090555105   0.091175396   0.091706578   0.342413897   0.344940996
  0.345980495   0.348485352   0.349178467   0.350603974   0.353598087
  0.356802667   0.365528943   0.365814548   0.366462743   0.367934966
CONNECTION : 1 - 1
